mode: atomic
github.com/themobileprof/clipilot/cmd/clipilot/main.go:28.13,30.16 2 0
github.com/themobileprof/clipilot/cmd/clipilot/main.go:30.16,32.3 1 0
github.com/themobileprof/clipilot/cmd/clipilot/main.go:33.2,42.74 9 0
github.com/themobileprof/clipilot/cmd/clipilot/main.go:45.13,48.17 2 0
github.com/themobileprof/clipilot/cmd/clipilot/main.go:48.17,52.3 3 0
github.com/themobileprof/clipilot/cmd/clipilot/main.go:55.2,56.16 2 0
github.com/themobileprof/clipilot/cmd/clipilot/main.go:56.16,58.3 1 0
github.com/themobileprof/clipilot/cmd/clipilot/main.go:60.2,60.92 1 0
github.com/themobileprof/clipilot/cmd/clipilot/main.go:60.92,62.3 1 0
github.com/themobileprof/clipilot/cmd/clipilot/main.go:65.2,65.13 1 0
github.com/themobileprof/clipilot/cmd/clipilot/main.go:65.13,66.56 1 0
github.com/themobileprof/clipilot/cmd/clipilot/main.go:66.56,68.4 1 0
github.com/themobileprof/clipilot/cmd/clipilot/main.go:69.3,69.9 1 0
github.com/themobileprof/clipilot/cmd/clipilot/main.go:73.2,74.16 2 0
github.com/themobileprof/clipilot/cmd/clipilot/main.go:74.16,76.3 1 0
github.com/themobileprof/clipilot/cmd/clipilot/main.go:77.2,80.12 2 0
github.com/themobileprof/clipilot/cmd/clipilot/main.go:80.12,81.57 1 0
github.com/themobileprof/clipilot/cmd/clipilot/main.go:81.57,83.4 1 0
github.com/themobileprof/clipilot/cmd/clipilot/main.go:84.3,84.9 1 0
github.com/themobileprof/clipilot/cmd/clipilot/main.go:88.2,88.19 1 0
github.com/themobileprof/clipilot/cmd/clipilot/main.go:88.19,89.63 1 0
github.com/themobileprof/clipilot/cmd/clipilot/main.go:89.63,91.4 1 0
github.com/themobileprof/clipilot/cmd/clipilot/main.go:92.3,92.9 1 0
github.com/themobileprof/clipilot/cmd/clipilot/main.go:96.2,100.20 3 0
github.com/themobileprof/clipilot/cmd/clipilot/main.go:100.20,102.49 1 0
github.com/themobileprof/clipilot/cmd/clipilot/main.go:102.49,104.4 1 0
github.com/themobileprof/clipilot/cmd/clipilot/main.go:108.2,108.19 1 0
github.com/themobileprof/clipilot/cmd/clipilot/main.go:108.19,111.61 2 0
github.com/themobileprof/clipilot/cmd/clipilot/main.go:111.61,113.4 1 0
github.com/themobileprof/clipilot/cmd/clipilot/main.go:114.3,114.9 1 0
github.com/themobileprof/clipilot/cmd/clipilot/main.go:118.2,118.37 1 0
github.com/themobileprof/clipilot/cmd/clipilot/main.go:118.37,120.3 1 0
github.com/themobileprof/clipilot/cmd/clipilot/main.go:124.61,131.22 3 0
github.com/themobileprof/clipilot/cmd/clipilot/main.go:131.22,132.66 1 0
github.com/themobileprof/clipilot/cmd/clipilot/main.go:132.66,134.4 1 0
github.com/themobileprof/clipilot/cmd/clipilot/main.go:135.8,138.48 2 0
github.com/themobileprof/clipilot/cmd/clipilot/main.go:138.48,139.67 1 0
github.com/themobileprof/clipilot/cmd/clipilot/main.go:139.67,141.5 1 0
github.com/themobileprof/clipilot/cmd/clipilot/main.go:145.2,147.12 3 0
github.com/themobileprof/clipilot/cmd/clipilot/main.go:151.60,156.43 3 0
github.com/themobileprof/clipilot/cmd/clipilot/main.go:156.43,161.83 4 0
github.com/themobileprof/clipilot/cmd/clipilot/main.go:161.83,164.4 2 0
github.com/themobileprof/clipilot/cmd/clipilot/main.go:167.3,167.43 1 0
github.com/themobileprof/clipilot/cmd/clipilot/main.go:167.43,169.4 1 0
github.com/themobileprof/clipilot/cmd/clipilot/main.go:170.3,170.38 1 0
github.com/themobileprof/clipilot/cmd/clipilot/main.go:171.8,173.3 1 0
github.com/themobileprof/clipilot/cmd/clipilot/main.go:176.2,177.16 2 0
github.com/themobileprof/clipilot/cmd/clipilot/main.go:177.16,179.3 1 0
github.com/themobileprof/clipilot/cmd/clipilot/main.go:180.2,185.22 3 0
github.com/themobileprof/clipilot/cmd/clipilot/main.go:185.22,186.66 1 0
github.com/themobileprof/clipilot/cmd/clipilot/main.go:186.66,188.4 1 0
github.com/themobileprof/clipilot/cmd/clipilot/main.go:189.8,193.48 3 0
github.com/themobileprof/clipilot/cmd/clipilot/main.go:193.48,194.67 1 0
github.com/themobileprof/clipilot/cmd/clipilot/main.go:194.67,196.5 1 0
github.com/themobileprof/clipilot/cmd/clipilot/main.go:200.2,202.12 3 0
github.com/themobileprof/clipilot/cmd/clipilot/main.go:206.60,210.16 3 0
github.com/themobileprof/clipilot/cmd/clipilot/main.go:210.16,212.3 1 0
github.com/themobileprof/clipilot/cmd/clipilot/main.go:214.2,215.32 2 0
github.com/themobileprof/clipilot/cmd/clipilot/main.go:215.32,216.20 1 0
github.com/themobileprof/clipilot/cmd/clipilot/main.go:216.20,217.12 1 0
github.com/themobileprof/clipilot/cmd/clipilot/main.go:221.3,222.68 2 0
github.com/themobileprof/clipilot/cmd/clipilot/main.go:222.68,223.12 1 0
github.com/themobileprof/clipilot/cmd/clipilot/main.go:226.3,230.17 4 0
github.com/themobileprof/clipilot/cmd/clipilot/main.go:230.17,232.12 2 0
github.com/themobileprof/clipilot/cmd/clipilot/main.go:235.3,235.53 1 0
github.com/themobileprof/clipilot/cmd/clipilot/main.go:235.53,237.12 2 0
github.com/themobileprof/clipilot/cmd/clipilot/main.go:240.3,241.16 2 0
github.com/themobileprof/clipilot/cmd/clipilot/main.go:244.2,244.22 1 0
github.com/themobileprof/clipilot/cmd/clipilot/main.go:244.22,246.3 1 0
github.com/themobileprof/clipilot/cmd/clipilot/main.go:246.8,248.3 1 0
github.com/themobileprof/clipilot/cmd/clipilot/main.go:250.2,250.12 1 0
github.com/themobileprof/clipilot/internal/commands/helper.go:21.50,23.2 1 0
github.com/themobileprof/clipilot/internal/commands/helper.go:29.64,32.16 2 0
github.com/themobileprof/clipilot/internal/commands/helper.go:32.16,34.3 1 0
github.com/themobileprof/clipilot/internal/commands/helper.go:38.2,43.33 4 0
github.com/themobileprof/clipilot/internal/commands/helper.go:47.76,49.29 1 0
github.com/themobileprof/clipilot/internal/commands/helper.go:49.29,51.3 1 0
github.com/themobileprof/clipilot/internal/commands/helper.go:53.2,58.16 4 0
github.com/themobileprof/clipilot/internal/commands/helper.go:58.16,60.17 2 0
github.com/themobileprof/clipilot/internal/commands/helper.go:60.17,62.4 1 0
github.com/themobileprof/clipilot/internal/commands/helper.go:65.2,69.8 1 0
github.com/themobileprof/clipilot/internal/commands/helper.go:73.72,75.29 2 0
github.com/themobileprof/clipilot/internal/commands/helper.go:75.29,77.22 2 0
github.com/themobileprof/clipilot/internal/commands/helper.go:77.22,80.36 2 0
github.com/themobileprof/clipilot/internal/commands/helper.go:80.36,82.5 1 0
github.com/themobileprof/clipilot/internal/commands/helper.go:85.2,85.11 1 0
github.com/themobileprof/clipilot/internal/commands/helper.go:89.67,92.6 2 0
github.com/themobileprof/clipilot/internal/commands/helper.go:92.6,105.17 12 0
github.com/themobileprof/clipilot/internal/commands/helper.go:105.17,107.4 1 0
github.com/themobileprof/clipilot/internal/commands/helper.go:108.3,110.16 2 0
github.com/themobileprof/clipilot/internal/commands/helper.go:111.21,112.27 1 0
github.com/themobileprof/clipilot/internal/commands/helper.go:113.24,114.30 1 0
github.com/themobileprof/clipilot/internal/commands/helper.go:115.23,116.29 1 0
github.com/themobileprof/clipilot/internal/commands/helper.go:117.19,118.29 1 0
github.com/themobileprof/clipilot/internal/commands/helper.go:119.19,120.59 1 0
github.com/themobileprof/clipilot/internal/commands/helper.go:120.59,122.5 1 0
github.com/themobileprof/clipilot/internal/commands/helper.go:124.32,125.14 1 0
github.com/themobileprof/clipilot/internal/commands/helper.go:126.11,127.52 1 0
github.com/themobileprof/clipilot/internal/commands/helper.go:129.3,129.16 1 0
github.com/themobileprof/clipilot/internal/commands/helper.go:134.52,139.19 4 0
github.com/themobileprof/clipilot/internal/commands/helper.go:139.19,142.3 1 0
github.com/themobileprof/clipilot/internal/commands/helper.go:144.2,144.19 1 0
github.com/themobileprof/clipilot/internal/commands/helper.go:144.19,147.3 2 0
github.com/themobileprof/clipilot/internal/commands/helper.go:147.8,149.3 1 0
github.com/themobileprof/clipilot/internal/commands/helper.go:150.2,150.15 1 0
github.com/themobileprof/clipilot/internal/commands/helper.go:154.55,156.49 1 0
github.com/themobileprof/clipilot/internal/commands/helper.go:156.49,158.36 2 0
github.com/themobileprof/clipilot/internal/commands/helper.go:158.36,164.4 5 0
github.com/themobileprof/clipilot/internal/commands/helper.go:165.8,168.3 1 0
github.com/themobileprof/clipilot/internal/commands/helper.go:171.2,175.19 4 0
github.com/themobileprof/clipilot/internal/commands/helper.go:175.19,177.3 1 0
github.com/themobileprof/clipilot/internal/commands/helper.go:179.2,179.19 1 0
github.com/themobileprof/clipilot/internal/commands/helper.go:179.19,184.3 3 0
github.com/themobileprof/clipilot/internal/commands/helper.go:184.8,186.3 1 0
github.com/themobileprof/clipilot/internal/commands/helper.go:187.2,187.15 1 0
github.com/themobileprof/clipilot/internal/commands/helper.go:191.54,196.19 4 0
github.com/themobileprof/clipilot/internal/commands/helper.go:196.19,198.3 1 0
github.com/themobileprof/clipilot/internal/commands/helper.go:200.2,200.19 1 0
github.com/themobileprof/clipilot/internal/commands/helper.go:200.19,203.36 2 0
github.com/themobileprof/clipilot/internal/commands/helper.go:203.36,206.31 2 0
github.com/themobileprof/clipilot/internal/commands/helper.go:206.31,207.56 1 0
github.com/themobileprof/clipilot/internal/commands/helper.go:207.56,209.6 1 0
github.com/themobileprof/clipilot/internal/commands/helper.go:211.9,213.4 1 0
github.com/themobileprof/clipilot/internal/commands/helper.go:214.8,216.3 1 0
github.com/themobileprof/clipilot/internal/commands/helper.go:217.2,217.15 1 0
github.com/themobileprof/clipilot/internal/commands/helper.go:221.54,229.34 6 0
github.com/themobileprof/clipilot/internal/commands/helper.go:229.34,232.3 2 0
github.com/themobileprof/clipilot/internal/commands/helper.go:236.81,243.16 6 0
github.com/themobileprof/clipilot/internal/commands/helper.go:243.16,245.3 1 0
github.com/themobileprof/clipilot/internal/commands/helper.go:246.2,250.16 3 0
github.com/themobileprof/clipilot/internal/commands/helper.go:250.16,252.3 1 0
github.com/themobileprof/clipilot/internal/commands/helper.go:254.2,263.34 7 0
github.com/themobileprof/clipilot/internal/commands/helper.go:263.34,265.9 2 0
github.com/themobileprof/clipilot/internal/commands/helper.go:265.9,267.4 1 0
github.com/themobileprof/clipilot/internal/commands/helper.go:267.9,269.4 1 0
github.com/themobileprof/clipilot/internal/commands/helper.go:270.8,272.3 1 0
github.com/themobileprof/clipilot/internal/commands/helper.go:274.2,274.12 1 0
github.com/themobileprof/clipilot/internal/commands/helper.go:277.80,281.16 3 0
github.com/themobileprof/clipilot/internal/commands/helper.go:281.16,283.3 1 0
github.com/themobileprof/clipilot/internal/commands/helper.go:285.2,285.56 1 0
github.com/themobileprof/clipilot/internal/commands/helper.go:289.75,296.29 4 5
github.com/themobileprof/clipilot/internal/commands/helper.go:296.29,297.56 1 82
github.com/themobileprof/clipilot/internal/commands/helper.go:297.56,299.9 2 4
github.com/themobileprof/clipilot/internal/commands/helper.go:303.2,303.20 1 5
github.com/themobileprof/clipilot/internal/commands/helper.go:303.20,305.3 1 1
github.com/themobileprof/clipilot/internal/commands/helper.go:308.2,312.41 3 4
github.com/themobileprof/clipilot/internal/commands/helper.go:312.41,317.88 3 22
github.com/themobileprof/clipilot/internal/commands/helper.go:317.88,319.9 1 4
github.com/themobileprof/clipilot/internal/commands/helper.go:322.3,325.23 2 18
github.com/themobileprof/clipilot/internal/commands/helper.go:325.23,327.9 2 0
github.com/themobileprof/clipilot/internal/commands/helper.go:331.2,331.55 1 4
github.com/themobileprof/clipilot/internal/commands/helper.go:335.55,338.16 2 0
github.com/themobileprof/clipilot/internal/commands/helper.go:338.16,340.3 1 0
github.com/themobileprof/clipilot/internal/commands/helper.go:342.2,344.19 3 0
github.com/themobileprof/clipilot/internal/commands/helper.go:348.66,350.16 2 0
github.com/themobileprof/clipilot/internal/commands/helper.go:350.16,353.17 2 0
github.com/themobileprof/clipilot/internal/commands/helper.go:353.17,355.4 1 0
github.com/themobileprof/clipilot/internal/commands/helper.go:358.2,362.29 4 0
github.com/themobileprof/clipilot/internal/commands/helper.go:362.29,364.77 2 0
github.com/themobileprof/clipilot/internal/commands/helper.go:364.77,366.4 1 0
github.com/themobileprof/clipilot/internal/commands/helper.go:368.3,368.14 1 0
github.com/themobileprof/clipilot/internal/commands/helper.go:368.14,371.28 2 0
github.com/themobileprof/clipilot/internal/commands/helper.go:371.28,372.10 1 0
github.com/themobileprof/clipilot/internal/commands/helper.go:375.4,375.60 1 0
github.com/themobileprof/clipilot/internal/commands/helper.go:375.60,376.10 1 0
github.com/themobileprof/clipilot/internal/commands/helper.go:381.2,381.39 1 0
github.com/themobileprof/clipilot/internal/commands/helper.go:385.58,388.2 2 0
github.com/themobileprof/clipilot/internal/commands/helper.go:399.68,406.26 3 0
github.com/themobileprof/clipilot/internal/commands/helper.go:406.26,408.3 1 0
github.com/themobileprof/clipilot/internal/commands/helper.go:409.2,409.16 1 0
github.com/themobileprof/clipilot/internal/commands/helper.go:409.16,411.3 1 0
github.com/themobileprof/clipilot/internal/commands/helper.go:413.2,413.58 1 0
github.com/themobileprof/clipilot/internal/commands/helper.go:417.78,424.16 2 0
github.com/themobileprof/clipilot/internal/commands/helper.go:424.16,426.3 1 0
github.com/themobileprof/clipilot/internal/commands/helper.go:427.2,430.18 3 0
github.com/themobileprof/clipilot/internal/commands/helper.go:430.18,432.80 2 0
github.com/themobileprof/clipilot/internal/commands/helper.go:432.80,433.12 1 0
github.com/themobileprof/clipilot/internal/commands/helper.go:435.3,435.42 1 0
github.com/themobileprof/clipilot/internal/commands/helper.go:438.2,438.25 1 0
github.com/themobileprof/clipilot/internal/commands/indexer.go:21.38,23.2 1 0
github.com/themobileprof/clipilot/internal/commands/indexer.go:26.49,31.16 3 0
github.com/themobileprof/clipilot/internal/commands/indexer.go:31.16,33.3 1 0
github.com/themobileprof/clipilot/internal/commands/indexer.go:35.2,35.24 1 0
github.com/themobileprof/clipilot/internal/commands/indexer.go:35.24,37.3 1 0
github.com/themobileprof/clipilot/internal/commands/indexer.go:39.2,43.16 3 0
github.com/themobileprof/clipilot/internal/commands/indexer.go:43.16,45.3 1 0
github.com/themobileprof/clipilot/internal/commands/indexer.go:46.2,46.15 1 0
github.com/themobileprof/clipilot/internal/commands/indexer.go:46.15,48.3 1 0
github.com/themobileprof/clipilot/internal/commands/indexer.go:51.2,59.16 2 0
github.com/themobileprof/clipilot/internal/commands/indexer.go:59.16,61.3 1 0
github.com/themobileprof/clipilot/internal/commands/indexer.go:62.2,69.35 5 0
github.com/themobileprof/clipilot/internal/commands/indexer.go:69.35,75.17 3 0
github.com/themobileprof/clipilot/internal/commands/indexer.go:75.17,78.12 2 0
github.com/themobileprof/clipilot/internal/commands/indexer.go:81.3,85.34 3 0
github.com/themobileprof/clipilot/internal/commands/indexer.go:85.34,88.4 2 0
github.com/themobileprof/clipilot/internal/commands/indexer.go:91.2,91.36 1 0
github.com/themobileprof/clipilot/internal/commands/indexer.go:91.36,93.3 1 0
github.com/themobileprof/clipilot/internal/commands/indexer.go:96.2,101.16 2 0
github.com/themobileprof/clipilot/internal/commands/indexer.go:101.16,103.3 1 0
github.com/themobileprof/clipilot/internal/commands/indexer.go:105.2,106.12 2 0
github.com/themobileprof/clipilot/internal/commands/indexer.go:110.58,112.19 2 0
github.com/themobileprof/clipilot/internal/commands/indexer.go:112.19,115.3 1 0
github.com/themobileprof/clipilot/internal/commands/indexer.go:117.2,120.28 3 0
github.com/themobileprof/clipilot/internal/commands/indexer.go:120.28,121.16 1 0
github.com/themobileprof/clipilot/internal/commands/indexer.go:121.16,122.12 1 0
github.com/themobileprof/clipilot/internal/commands/indexer.go:125.3,126.17 2 0
github.com/themobileprof/clipilot/internal/commands/indexer.go:126.17,128.12 1 0
github.com/themobileprof/clipilot/internal/commands/indexer.go:131.3,131.33 1 0
github.com/themobileprof/clipilot/internal/commands/indexer.go:131.33,132.21 1 0
github.com/themobileprof/clipilot/internal/commands/indexer.go:132.21,133.13 1 0
github.com/themobileprof/clipilot/internal/commands/indexer.go:136.4,137.18 2 0
github.com/themobileprof/clipilot/internal/commands/indexer.go:137.18,138.13 1 0
github.com/themobileprof/clipilot/internal/commands/indexer.go:142.4,142.29 1 0
github.com/themobileprof/clipilot/internal/commands/indexer.go:142.29,143.13 1 0
github.com/themobileprof/clipilot/internal/commands/indexer.go:146.4,148.40 2 0
github.com/themobileprof/clipilot/internal/commands/indexer.go:148.40,149.13 1 0
github.com/themobileprof/clipilot/internal/commands/indexer.go:152.4,152.27 1 0
github.com/themobileprof/clipilot/internal/commands/indexer.go:156.2,156.26 1 0
github.com/themobileprof/clipilot/internal/commands/indexer.go:156.26,158.3 1 0
github.com/themobileprof/clipilot/internal/commands/indexer.go:160.2,161.30 2 0
github.com/themobileprof/clipilot/internal/commands/indexer.go:161.30,163.3 1 0
github.com/themobileprof/clipilot/internal/commands/indexer.go:165.2,165.22 1 0
github.com/themobileprof/clipilot/internal/commands/indexer.go:170.71,174.16 3 0
github.com/themobileprof/clipilot/internal/commands/indexer.go:174.16,176.17 2 0
github.com/themobileprof/clipilot/internal/commands/indexer.go:176.17,178.4 1 0
github.com/themobileprof/clipilot/internal/commands/indexer.go:182.2,184.16 3 0
github.com/themobileprof/clipilot/internal/commands/indexer.go:184.16,186.17 2 0
github.com/themobileprof/clipilot/internal/commands/indexer.go:186.17,188.4 1 0
github.com/themobileprof/clipilot/internal/commands/indexer.go:191.2,191.18 1 0
github.com/themobileprof/clipilot/internal/commands/indexer.go:195.64,197.29 2 0
github.com/themobileprof/clipilot/internal/commands/indexer.go:197.29,201.22 3 0
github.com/themobileprof/clipilot/internal/commands/indexer.go:201.22,202.12 1 0
github.com/themobileprof/clipilot/internal/commands/indexer.go:205.3,212.26 5 0
github.com/themobileprof/clipilot/internal/commands/indexer.go:212.26,215.47 2 0
github.com/themobileprof/clipilot/internal/commands/indexer.go:215.47,217.5 1 0
github.com/themobileprof/clipilot/internal/commands/indexer.go:218.4,220.17 2 0
github.com/themobileprof/clipilot/internal/commands/indexer.go:220.17,222.10 2 0
github.com/themobileprof/clipilot/internal/commands/indexer.go:226.3,226.12 1 0
github.com/themobileprof/clipilot/internal/commands/indexer.go:226.12,228.4 1 0
github.com/themobileprof/clipilot/internal/commands/indexer.go:230.2,230.11 1 0
github.com/themobileprof/clipilot/internal/commands/indexer.go:234.38,240.16 3 0
github.com/themobileprof/clipilot/internal/commands/indexer.go:240.16,242.3 1 0
github.com/themobileprof/clipilot/internal/commands/indexer.go:244.2,244.24 1 0
github.com/themobileprof/clipilot/internal/commands/indexer.go:248.43,251.16 3 0
github.com/themobileprof/clipilot/internal/commands/indexer.go:251.16,253.3 1 0
github.com/themobileprof/clipilot/internal/commands/indexer.go:254.2,254.14 1 0
github.com/themobileprof/clipilot/internal/commands/indexer.go:258.84,263.20 2 0
github.com/themobileprof/clipilot/internal/commands/indexer.go:263.20,265.3 1 0
github.com/themobileprof/clipilot/internal/commands/indexer.go:276.2,286.66 2 0
github.com/themobileprof/clipilot/internal/commands/indexer.go:286.66,288.6 1 0
github.com/themobileprof/clipilot/internal/commands/indexer.go:289.2,289.16 1 0
github.com/themobileprof/clipilot/internal/commands/indexer.go:289.16,291.3 1 0
github.com/themobileprof/clipilot/internal/commands/indexer.go:292.2,295.18 3 0
github.com/themobileprof/clipilot/internal/commands/indexer.go:295.18,299.73 3 0
github.com/themobileprof/clipilot/internal/commands/indexer.go:299.73,300.12 1 0
github.com/themobileprof/clipilot/internal/commands/indexer.go:303.3,303.24 1 0
github.com/themobileprof/clipilot/internal/commands/indexer.go:303.24,305.4 1 0
github.com/themobileprof/clipilot/internal/commands/indexer.go:307.3,307.33 1 0
github.com/themobileprof/clipilot/internal/commands/indexer.go:310.2,310.21 1 0
github.com/themobileprof/clipilot/internal/commands/indexer.go:314.92,323.19 3 0
github.com/themobileprof/clipilot/internal/commands/indexer.go:323.19,325.6 1 0
github.com/themobileprof/clipilot/internal/commands/indexer.go:326.5,329.18 3 0
github.com/themobileprof/clipilot/internal/commands/indexer.go:329.18,332.73 3 0
github.com/themobileprof/clipilot/internal/commands/indexer.go:332.73,333.12 1 0
github.com/themobileprof/clipilot/internal/commands/indexer.go:335.3,335.24 1 0
github.com/themobileprof/clipilot/internal/commands/indexer.go:335.24,337.4 1 0
github.com/themobileprof/clipilot/internal/commands/indexer.go:338.3,338.33 1 0
github.com/themobileprof/clipilot/internal/commands/indexer.go:340.5,340.24 1 0
github.com/themobileprof/clipilot/internal/commands/indexer.go:345.41,352.24 5 0
github.com/themobileprof/clipilot/internal/commands/indexer.go:352.24,354.6 1 0
github.com/themobileprof/clipilot/internal/commands/indexer.go:357.5,367.32 3 0
github.com/themobileprof/clipilot/internal/commands/indexer.go:367.32,368.28 1 0
github.com/themobileprof/clipilot/internal/commands/indexer.go:368.28,369.21 1 0
github.com/themobileprof/clipilot/internal/commands/indexer.go:372.9,372.70 1 0
github.com/themobileprof/clipilot/internal/commands/indexer.go:376.5,376.29 1 0
github.com/themobileprof/clipilot/internal/commands/indexer.go:376.29,377.36 1 0
github.com/themobileprof/clipilot/internal/commands/indexer.go:377.36,379.10 1 0
github.com/themobileprof/clipilot/internal/commands/indexer.go:383.5,383.44 1 0
github.com/themobileprof/clipilot/internal/commands/indexer.go:414.48,423.16 6 0
github.com/themobileprof/clipilot/internal/commands/indexer.go:423.16,428.17 4 0
github.com/themobileprof/clipilot/internal/commands/indexer.go:428.17,433.18 4 0
github.com/themobileprof/clipilot/internal/commands/indexer.go:433.18,435.5 1 0
github.com/themobileprof/clipilot/internal/commands/indexer.go:440.2,441.56 2 0
github.com/themobileprof/clipilot/internal/commands/indexer.go:441.56,443.3 1 0
github.com/themobileprof/clipilot/internal/commands/indexer.go:446.2,447.16 2 0
github.com/themobileprof/clipilot/internal/commands/indexer.go:447.16,449.3 1 0
github.com/themobileprof/clipilot/internal/commands/indexer.go:450.2,450.15 1 0
github.com/themobileprof/clipilot/internal/commands/indexer.go:450.15,452.3 1 0
github.com/themobileprof/clipilot/internal/commands/indexer.go:455.2,474.16 2 0
github.com/themobileprof/clipilot/internal/commands/indexer.go:474.16,476.3 1 0
github.com/themobileprof/clipilot/internal/commands/indexer.go:477.2,480.31 2 0
github.com/themobileprof/clipilot/internal/commands/indexer.go:480.31,486.17 2 0
github.com/themobileprof/clipilot/internal/commands/indexer.go:486.17,488.4 1 0
github.com/themobileprof/clipilot/internal/commands/indexer.go:491.2,491.36 1 0
github.com/themobileprof/clipilot/internal/commands/indexer.go:491.36,493.3 1 0
github.com/themobileprof/clipilot/internal/commands/indexer.go:495.2,496.12 2 0
github.com/themobileprof/clipilot/internal/commands/indexer.go:500.96,502.23 2 0
github.com/themobileprof/clipilot/internal/commands/indexer.go:502.23,504.6 1 0
github.com/themobileprof/clipilot/internal/commands/indexer.go:506.2,518.69 2 0
github.com/themobileprof/clipilot/internal/commands/indexer.go:518.69,520.6 1 0
github.com/themobileprof/clipilot/internal/commands/indexer.go:521.2,521.16 1 0
github.com/themobileprof/clipilot/internal/commands/indexer.go:521.16,523.3 1 0
github.com/themobileprof/clipilot/internal/commands/indexer.go:524.2,527.18 3 0
github.com/themobileprof/clipilot/internal/commands/indexer.go:527.18,537.17 5 0
github.com/themobileprof/clipilot/internal/commands/indexer.go:537.17,538.12 1 0
github.com/themobileprof/clipilot/internal/commands/indexer.go:541.3,541.21 1 0
github.com/themobileprof/clipilot/internal/commands/indexer.go:541.21,543.4 1 0
github.com/themobileprof/clipilot/internal/commands/indexer.go:544.3,544.26 1 0
github.com/themobileprof/clipilot/internal/commands/indexer.go:544.26,546.4 1 0
github.com/themobileprof/clipilot/internal/commands/indexer.go:547.3,547.21 1 0
github.com/themobileprof/clipilot/internal/commands/indexer.go:547.21,549.4 1 0
github.com/themobileprof/clipilot/internal/commands/indexer.go:550.3,550.19 1 0
github.com/themobileprof/clipilot/internal/commands/indexer.go:550.19,552.4 1 0
github.com/themobileprof/clipilot/internal/commands/indexer.go:553.3,553.19 1 0
github.com/themobileprof/clipilot/internal/commands/indexer.go:553.19,555.4 1 0
github.com/themobileprof/clipilot/internal/commands/indexer.go:556.3,556.19 1 0
github.com/themobileprof/clipilot/internal/commands/indexer.go:556.19,558.4 1 0
github.com/themobileprof/clipilot/internal/commands/indexer.go:559.3,559.20 1 0
github.com/themobileprof/clipilot/internal/commands/indexer.go:559.20,561.4 1 0
github.com/themobileprof/clipilot/internal/commands/indexer.go:562.3,562.20 1 0
github.com/themobileprof/clipilot/internal/commands/indexer.go:562.20,564.4 1 0
github.com/themobileprof/clipilot/internal/commands/indexer.go:566.3,566.33 1 0
github.com/themobileprof/clipilot/internal/commands/indexer.go:569.2,569.21 1 0
github.com/themobileprof/clipilot/internal/commands/indexer.go:573.104,585.16 3 0
github.com/themobileprof/clipilot/internal/commands/indexer.go:585.16,587.3 1 0
github.com/themobileprof/clipilot/internal/commands/indexer.go:588.2,591.18 3 0
github.com/themobileprof/clipilot/internal/commands/indexer.go:591.18,601.17 5 0
github.com/themobileprof/clipilot/internal/commands/indexer.go:601.17,602.12 1 0
github.com/themobileprof/clipilot/internal/commands/indexer.go:604.9,604.27 1 0
github.com/themobileprof/clipilot/internal/commands/indexer.go:604.27,604.61 1 0
github.com/themobileprof/clipilot/internal/commands/indexer.go:605.3,605.26 1 0
github.com/themobileprof/clipilot/internal/commands/indexer.go:605.26,605.70 1 0
github.com/themobileprof/clipilot/internal/commands/indexer.go:606.3,606.21 1 0
github.com/themobileprof/clipilot/internal/commands/indexer.go:606.21,606.55 1 0
github.com/themobileprof/clipilot/internal/commands/indexer.go:607.3,607.19 1 0
github.com/themobileprof/clipilot/internal/commands/indexer.go:607.19,607.53 1 0
github.com/themobileprof/clipilot/internal/commands/indexer.go:608.3,608.19 1 0
github.com/themobileprof/clipilot/internal/commands/indexer.go:608.19,608.53 1 0
github.com/themobileprof/clipilot/internal/commands/indexer.go:609.3,609.19 1 0
github.com/themobileprof/clipilot/internal/commands/indexer.go:609.19,609.53 1 0
github.com/themobileprof/clipilot/internal/commands/indexer.go:610.3,610.20 1 0
github.com/themobileprof/clipilot/internal/commands/indexer.go:610.20,610.56 1 0
github.com/themobileprof/clipilot/internal/commands/indexer.go:611.3,611.20 1 0
github.com/themobileprof/clipilot/internal/commands/indexer.go:611.20,611.56 1 0
github.com/themobileprof/clipilot/internal/commands/indexer.go:612.3,612.33 1 0
github.com/themobileprof/clipilot/internal/commands/indexer.go:614.2,614.21 1 0
github.com/themobileprof/clipilot/internal/commands/indexer.go:634.58,637.16 1 0
github.com/themobileprof/clipilot/internal/commands/indexer.go:637.16,638.27 1 0
github.com/themobileprof/clipilot/internal/commands/indexer.go:638.27,640.4 1 0
github.com/themobileprof/clipilot/internal/commands/indexer.go:644.2,644.54 1 0
github.com/themobileprof/clipilot/internal/commands/indexer.go:644.54,645.27 1 0
github.com/themobileprof/clipilot/internal/commands/indexer.go:645.27,647.4 1 0
github.com/themobileprof/clipilot/internal/commands/indexer.go:651.2,651.26 1 0
github.com/themobileprof/clipilot/internal/commands/indexer.go:651.26,652.27 1 0
github.com/themobileprof/clipilot/internal/commands/indexer.go:652.27,654.4 1 0
github.com/themobileprof/clipilot/internal/commands/indexer.go:658.2,658.27 1 0
github.com/themobileprof/clipilot/internal/commands/indexer.go:658.27,659.28 1 0
github.com/themobileprof/clipilot/internal/commands/indexer.go:659.28,661.4 1 0
github.com/themobileprof/clipilot/internal/commands/indexer.go:665.2,665.29 1 0
github.com/themobileprof/clipilot/internal/commands/indexer.go:665.29,666.28 1 0
github.com/themobileprof/clipilot/internal/commands/indexer.go:666.28,668.4 1 0
github.com/themobileprof/clipilot/internal/commands/indexer.go:671.2,671.11 1 0
github.com/themobileprof/clipilot/internal/commands/indexer.go:675.22,677.73 1 0
github.com/themobileprof/clipilot/internal/commands/indexer.go:677.73,679.3 1 0
github.com/themobileprof/clipilot/internal/commands/indexer.go:681.2,681.65 1 0
github.com/themobileprof/clipilot/internal/commands/indexer.go:681.65,683.3 1 0
github.com/themobileprof/clipilot/internal/commands/indexer.go:684.2,684.14 1 0
github.com/themobileprof/clipilot/internal/commands/indexer.go:687.37,690.2 2 0
github.com/themobileprof/clipilot/internal/config/config.go:30.24,45.2 2 6
github.com/themobileprof/clipilot/internal/config/config.go:48.41,50.49 1 6
github.com/themobileprof/clipilot/internal/config/config.go:50.49,52.40 2 2
github.com/themobileprof/clipilot/internal/config/config.go:52.40,54.4 1 0
github.com/themobileprof/clipilot/internal/config/config.go:55.3,55.18 1 2
github.com/themobileprof/clipilot/internal/config/config.go:59.2,60.16 2 4
github.com/themobileprof/clipilot/internal/config/config.go:60.16,62.3 1 0
github.com/themobileprof/clipilot/internal/config/config.go:64.2,65.50 2 4
github.com/themobileprof/clipilot/internal/config/config.go:65.50,67.3 1 1
github.com/themobileprof/clipilot/internal/config/config.go:69.2,69.17 1 3
github.com/themobileprof/clipilot/internal/config/config.go:73.42,76.47 2 3
github.com/themobileprof/clipilot/internal/config/config.go:76.47,78.3 1 0
github.com/themobileprof/clipilot/internal/config/config.go:80.2,81.16 2 3
github.com/themobileprof/clipilot/internal/config/config.go:81.16,83.3 1 0
github.com/themobileprof/clipilot/internal/config/config.go:85.2,85.55 1 3
github.com/themobileprof/clipilot/internal/config/config.go:85.55,87.3 1 0
github.com/themobileprof/clipilot/internal/config/config.go:89.2,89.12 1 3
github.com/themobileprof/clipilot/internal/config/config.go:93.29,96.2 2 0
github.com/themobileprof/clipilot/cmd/registry/main.go:23.13,47.21 18 0
github.com/themobileprof/clipilot/cmd/registry/main.go:47.21,49.3 1 0
github.com/themobileprof/clipilot/cmd/registry/main.go:52.2,55.54 3 0
github.com/themobileprof/clipilot/cmd/registry/main.go:55.54,57.3 1 0
github.com/themobileprof/clipilot/cmd/registry/main.go:59.2,118.19 29 0
github.com/themobileprof/clipilot/cmd/registry/main.go:118.19,120.3 1 0
github.com/themobileprof/clipilot/cmd/registry/main.go:121.2,130.74 8 0
github.com/themobileprof/clipilot/cmd/registry/main.go:130.74,132.3 1 0
github.com/themobileprof/clipilot/cmd/registry/main.go:136.46,137.42 1 0
github.com/themobileprof/clipilot/cmd/registry/main.go:137.42,139.3 1 0
github.com/themobileprof/clipilot/cmd/registry/main.go:140.2,140.21 1 0
github.com/themobileprof/clipilot/cmd/registry/main.go:144.35,146.16 2 0
github.com/themobileprof/clipilot/cmd/registry/main.go:146.16,149.3 1 0
github.com/themobileprof/clipilot/cmd/registry/main.go:150.2,153.21 3 0
github.com/themobileprof/clipilot/cmd/registry/main.go:153.21,157.49 2 0
github.com/themobileprof/clipilot/cmd/registry/main.go:157.49,158.12 1 0
github.com/themobileprof/clipilot/cmd/registry/main.go:162.3,163.22 2 0
github.com/themobileprof/clipilot/cmd/registry/main.go:163.22,164.12 1 0
github.com/themobileprof/clipilot/cmd/registry/main.go:167.3,174.27 4 0
github.com/themobileprof/clipilot/cmd/registry/main.go:174.27,176.4 1 0
github.com/themobileprof/clipilot/internal/db/db.go:23.38,26.47 2 6
github.com/themobileprof/clipilot/internal/db/db.go:26.47,28.3 1 0
github.com/themobileprof/clipilot/internal/db/db.go:32.2,33.16 2 6
github.com/themobileprof/clipilot/internal/db/db.go:33.16,35.3 1 0
github.com/themobileprof/clipilot/internal/db/db.go:38.2,47.37 4 6
github.com/themobileprof/clipilot/internal/db/db.go:47.37,50.3 2 0
github.com/themobileprof/clipilot/internal/db/db.go:52.2,52.16 1 6
github.com/themobileprof/clipilot/internal/db/db.go:56.31,58.16 2 6
github.com/themobileprof/clipilot/internal/db/db.go:58.16,60.3 1 0
github.com/themobileprof/clipilot/internal/db/db.go:61.2,61.12 1 6
github.com/themobileprof/clipilot/internal/db/db.go:65.29,66.20 1 6
github.com/themobileprof/clipilot/internal/db/db.go:66.20,68.3 1 6
github.com/themobileprof/clipilot/internal/db/db.go:69.2,69.12 1 0
github.com/themobileprof/clipilot/internal/db/db.go:73.30,75.2 1 0
github.com/themobileprof/clipilot/internal/db/db.go:78.54,81.26 3 3
github.com/themobileprof/clipilot/internal/db/db.go:81.26,83.3 1 1
github.com/themobileprof/clipilot/internal/db/db.go:84.2,84.16 1 2
github.com/themobileprof/clipilot/internal/db/db.go:84.16,86.3 1 0
github.com/themobileprof/clipilot/internal/db/db.go:87.2,87.19 1 2
github.com/themobileprof/clipilot/internal/db/db.go:91.51,96.16 2 12
github.com/themobileprof/clipilot/internal/db/db.go:96.16,98.3 1 0
github.com/themobileprof/clipilot/internal/db/db.go:99.2,99.12 1 12
github.com/themobileprof/clipilot/internal/db/db.go:103.108,108.16 2 1
github.com/themobileprof/clipilot/internal/db/db.go:108.16,110.3 1 0
github.com/themobileprof/clipilot/internal/db/db.go:111.2,111.30 1 1
github.com/themobileprof/clipilot/internal/db/db.go:115.93,120.16 2 1
github.com/themobileprof/clipilot/internal/db/db.go:120.16,122.3 1 0
github.com/themobileprof/clipilot/internal/db/db.go:123.2,123.12 1 1
github.com/themobileprof/clipilot/internal/db/db.go:127.60,132.16 2 1
github.com/themobileprof/clipilot/internal/db/db.go:132.16,134.3 1 0
github.com/themobileprof/clipilot/internal/db/db.go:135.2,135.12 1 1
github.com/themobileprof/clipilot/internal/db/db.go:139.52,142.26 3 1
github.com/themobileprof/clipilot/internal/db/db.go:142.26,144.3 1 0
github.com/themobileprof/clipilot/internal/db/db.go:145.2,145.16 1 1
github.com/themobileprof/clipilot/internal/db/db.go:145.16,147.3 1 0
github.com/themobileprof/clipilot/internal/db/db.go:148.2,148.19 1 1
github.com/themobileprof/clipilot/internal/db/db.go:152.52,154.16 2 0
github.com/themobileprof/clipilot/internal/db/db.go:154.16,156.3 1 0
github.com/themobileprof/clipilot/internal/db/db.go:157.2,157.12 1 0
github.com/themobileprof/clipilot/internal/db/db.go:161.40,163.2 1 0
github.com/themobileprof/clipilot/internal/engine/runner.go:25.67,30.2 1 10
github.com/themobileprof/clipilot/internal/engine/runner.go:36.42,38.2 1 4
github.com/themobileprof/clipilot/internal/engine/runner.go:41.43,43.2 1 2
github.com/themobileprof/clipilot/internal/engine/runner.go:46.45,49.16 2 4
github.com/themobileprof/clipilot/internal/engine/runner.go:49.16,51.3 1 2
github.com/themobileprof/clipilot/internal/engine/runner.go:54.2,65.16 3 2
github.com/themobileprof/clipilot/internal/engine/runner.go:65.16,67.3 1 0
github.com/themobileprof/clipilot/internal/engine/runner.go:68.2,75.13 5 2
github.com/themobileprof/clipilot/internal/engine/runner.go:75.13,77.3 1 0
github.com/themobileprof/clipilot/internal/engine/runner.go:77.8,80.15 3 2
github.com/themobileprof/clipilot/internal/engine/runner.go:80.15,82.4 1 2
github.com/themobileprof/clipilot/internal/engine/runner.go:83.3,85.41 2 2
github.com/themobileprof/clipilot/internal/engine/runner.go:89.2,92.20 4 2
github.com/themobileprof/clipilot/internal/engine/runner.go:92.20,95.3 2 0
github.com/themobileprof/clipilot/internal/engine/runner.go:97.2,97.77 1 2
github.com/themobileprof/clipilot/internal/engine/runner.go:97.77,99.3 1 0
github.com/themobileprof/clipilot/internal/engine/runner.go:101.2,101.16 1 2
github.com/themobileprof/clipilot/internal/engine/runner.go:105.104,110.51 4 2
github.com/themobileprof/clipilot/internal/engine/runner.go:110.51,112.14 2 3
github.com/themobileprof/clipilot/internal/engine/runner.go:112.14,114.4 1 0
github.com/themobileprof/clipilot/internal/engine/runner.go:116.3,120.28 3 3
github.com/themobileprof/clipilot/internal/engine/runner.go:120.28,121.49 1 0
github.com/themobileprof/clipilot/internal/engine/runner.go:121.49,123.13 2 0
github.com/themobileprof/clipilot/internal/engine/runner.go:128.3,129.17 2 3
github.com/themobileprof/clipilot/internal/engine/runner.go:129.17,131.4 1 0
github.com/themobileprof/clipilot/internal/engine/runner.go:133.3,133.28 1 3
github.com/themobileprof/clipilot/internal/engine/runner.go:136.2,136.27 1 2
github.com/themobileprof/clipilot/internal/engine/runner.go:136.27,138.3 1 0
github.com/themobileprof/clipilot/internal/engine/runner.go:140.2,140.12 1 2
github.com/themobileprof/clipilot/internal/engine/runner.go:144.118,145.19 1 3
github.com/themobileprof/clipilot/internal/engine/runner.go:146.16,147.36 1 0
github.com/themobileprof/clipilot/internal/engine/runner.go:148.21,149.41 1 1
github.com/themobileprof/clipilot/internal/engine/runner.go:150.16,151.36 1 0
github.com/themobileprof/clipilot/internal/engine/runner.go:152.18,153.33 1 2
github.com/themobileprof/clipilot/internal/engine/runner.go:154.10,155.60 1 0
github.com/themobileprof/clipilot/internal/engine/runner.go:160.97,161.26 1 0
github.com/themobileprof/clipilot/internal/engine/runner.go:161.26,163.3 1 0
github.com/themobileprof/clipilot/internal/engine/runner.go:165.2,172.54 5 0
github.com/themobileprof/clipilot/internal/engine/runner.go:172.54,174.3 1 0
github.com/themobileprof/clipilot/internal/engine/runner.go:176.2,176.23 1 0
github.com/themobileprof/clipilot/internal/engine/runner.go:180.102,181.24 1 1
github.com/themobileprof/clipilot/internal/engine/runner.go:181.24,183.3 1 1
github.com/themobileprof/clipilot/internal/engine/runner.go:185.2,185.24 1 1
github.com/themobileprof/clipilot/internal/engine/runner.go:185.24,188.15 2 1
github.com/themobileprof/clipilot/internal/engine/runner.go:188.15,190.4 1 1
github.com/themobileprof/clipilot/internal/engine/runner.go:190.9,192.18 1 0
github.com/themobileprof/clipilot/internal/engine/runner.go:192.18,194.19 2 0
github.com/themobileprof/clipilot/internal/engine/runner.go:194.19,197.6 2 0
github.com/themobileprof/clipilot/internal/engine/runner.go:201.4,202.18 2 0
github.com/themobileprof/clipilot/internal/engine/runner.go:202.18,205.5 2 0
github.com/themobileprof/clipilot/internal/engine/runner.go:207.4,207.20 1 0
github.com/themobileprof/clipilot/internal/engine/runner.go:207.20,209.5 1 0
github.com/themobileprof/clipilot/internal/engine/runner.go:210.4,213.30 2 0
github.com/themobileprof/clipilot/internal/engine/runner.go:213.30,214.55 1 0
github.com/themobileprof/clipilot/internal/engine/runner.go:214.55,216.6 1 0
github.com/themobileprof/clipilot/internal/engine/runner.go:221.2,221.23 1 1
github.com/themobileprof/clipilot/internal/engine/runner.go:225.97,226.24 1 0
github.com/themobileprof/clipilot/internal/engine/runner.go:226.24,228.3 1 0
github.com/themobileprof/clipilot/internal/engine/runner.go:230.2,231.13 2 0
github.com/themobileprof/clipilot/internal/engine/runner.go:231.13,233.3 1 0
github.com/themobileprof/clipilot/internal/engine/runner.go:235.2,236.13 2 0
github.com/themobileprof/clipilot/internal/engine/runner.go:236.13,238.3 1 0
github.com/themobileprof/clipilot/internal/engine/runner.go:240.2,241.22 2 0
github.com/themobileprof/clipilot/internal/engine/runner.go:245.69,246.24 1 2
github.com/themobileprof/clipilot/internal/engine/runner.go:246.24,248.3 1 2
github.com/themobileprof/clipilot/internal/engine/runner.go:249.2,249.16 1 2
github.com/themobileprof/clipilot/internal/engine/runner.go:253.95,255.13 2 6
github.com/themobileprof/clipilot/internal/engine/runner.go:255.13,257.3 1 1
github.com/themobileprof/clipilot/internal/engine/runner.go:259.2,259.23 1 5
github.com/themobileprof/clipilot/internal/engine/runner.go:260.12,261.29 1 2
github.com/themobileprof/clipilot/internal/engine/runner.go:262.12,263.29 1 1
github.com/themobileprof/clipilot/internal/engine/runner.go:264.18,265.45 1 2
github.com/themobileprof/clipilot/internal/engine/runner.go:266.10,267.15 1 0
github.com/themobileprof/clipilot/internal/engine/runner.go:272.61,276.2 3 3
github.com/themobileprof/clipilot/internal/engine/runner.go:279.88,280.43 1 0
github.com/themobileprof/clipilot/internal/engine/runner.go:280.43,281.36 1 0
github.com/themobileprof/clipilot/internal/engine/runner.go:281.36,283.18 2 0
github.com/themobileprof/clipilot/internal/engine/runner.go:283.18,285.18 2 0
github.com/themobileprof/clipilot/internal/engine/runner.go:285.18,287.6 1 0
github.com/themobileprof/clipilot/internal/engine/runner.go:288.5,288.42 1 0
github.com/themobileprof/clipilot/internal/engine/runner.go:292.4,292.83 1 0
github.com/themobileprof/clipilot/internal/engine/runner.go:292.83,294.18 2 0
github.com/themobileprof/clipilot/internal/engine/runner.go:294.18,296.6 1 0
github.com/themobileprof/clipilot/internal/engine/runner.go:297.5,297.33 1 0
github.com/themobileprof/clipilot/internal/engine/runner.go:300.4,300.42 1 0
github.com/themobileprof/clipilot/internal/engine/runner.go:303.2,303.12 1 0
github.com/themobileprof/clipilot/internal/engine/runner.go:307.46,312.16 4 0
github.com/themobileprof/clipilot/internal/engine/runner.go:312.16,314.3 1 0
github.com/themobileprof/clipilot/internal/engine/runner.go:316.2,317.45 2 0
github.com/themobileprof/clipilot/internal/engine/runner.go:321.89,326.16 2 3
github.com/themobileprof/clipilot/internal/engine/runner.go:326.16,328.3 1 0
github.com/themobileprof/clipilot/internal/engine/runner.go:329.2,329.30 1 3
github.com/themobileprof/clipilot/internal/engine/runner.go:333.92,339.2 2 3
github.com/themobileprof/clipilot/internal/mocks/mocks.go:21.44,25.2 1 0
github.com/themobileprof/clipilot/internal/mocks/mocks.go:27.77,28.31 1 0
github.com/themobileprof/clipilot/internal/mocks/mocks.go:28.31,30.3 1 0
github.com/themobileprof/clipilot/internal/mocks/mocks.go:31.2,31.43 1 0
github.com/themobileprof/clipilot/internal/mocks/mocks.go:34.69,35.31 1 0
github.com/themobileprof/clipilot/internal/mocks/mocks.go:35.31,37.3 1 0
github.com/themobileprof/clipilot/internal/mocks/mocks.go:38.2,39.12 2 0
github.com/themobileprof/clipilot/internal/mocks/mocks.go:42.78,43.28 1 0
github.com/themobileprof/clipilot/internal/mocks/mocks.go:43.28,45.3 1 0
github.com/themobileprof/clipilot/internal/mocks/mocks.go:46.2,46.40 1 0
github.com/themobileprof/clipilot/internal/mocks/mocks.go:46.40,48.3 1 0
github.com/themobileprof/clipilot/internal/mocks/mocks.go:49.2,49.58 1 0
github.com/themobileprof/clipilot/internal/mocks/mocks.go:52.66,53.30 1 0
github.com/themobileprof/clipilot/internal/mocks/mocks.go:53.30,55.3 1 0
github.com/themobileprof/clipilot/internal/mocks/mocks.go:56.2,57.32 2 0
github.com/themobileprof/clipilot/internal/mocks/mocks.go:57.32,59.3 1 0
github.com/themobileprof/clipilot/internal/mocks/mocks.go:60.2,60.20 1 0
github.com/themobileprof/clipilot/internal/mocks/mocks.go:73.83,74.25 1 0
github.com/themobileprof/clipilot/internal/mocks/mocks.go:74.25,76.3 1 0
github.com/themobileprof/clipilot/internal/mocks/mocks.go:77.2,82.8 1 0
github.com/themobileprof/clipilot/internal/mocks/mocks.go:85.68,86.32 1 0
github.com/themobileprof/clipilot/internal/mocks/mocks.go:86.32,88.3 1 0
github.com/themobileprof/clipilot/internal/mocks/mocks.go:91.63,92.35 1 0
github.com/themobileprof/clipilot/internal/mocks/mocks.go:92.35,94.3 1 0
github.com/themobileprof/clipilot/internal/mocks/mocks.go:109.53,112.22 3 0
github.com/themobileprof/clipilot/internal/mocks/mocks.go:112.22,114.3 1 0
github.com/themobileprof/clipilot/internal/mocks/mocks.go:115.2,115.12 1 0
github.com/themobileprof/clipilot/internal/mocks/mocks.go:118.50,119.28 1 0
github.com/themobileprof/clipilot/internal/mocks/mocks.go:119.28,121.3 1 0
github.com/themobileprof/clipilot/internal/mocks/mocks.go:124.51,125.29 1 0
github.com/themobileprof/clipilot/internal/mocks/mocks.go:125.29,127.3 1 0
github.com/themobileprof/clipilot/internal/mocks/mocks.go:139.71,140.33 1 0
github.com/themobileprof/clipilot/internal/mocks/mocks.go:140.33,142.3 1 0
github.com/themobileprof/clipilot/internal/mocks/mocks.go:143.2,143.27 1 0
github.com/themobileprof/clipilot/internal/mocks/mocks.go:146.62,147.34 1 0
github.com/themobileprof/clipilot/internal/mocks/mocks.go:147.34,149.3 1 0
github.com/themobileprof/clipilot/internal/mocks/mocks.go:150.2,150.12 1 0
github.com/themobileprof/clipilot/internal/mocks/mocks.go:165.42,169.2 1 0
github.com/themobileprof/clipilot/internal/mocks/mocks.go:171.74,172.27 1 0
github.com/themobileprof/clipilot/internal/mocks/mocks.go:172.27,174.3 1 0
github.com/themobileprof/clipilot/internal/mocks/mocks.go:175.2,175.43 1 0
github.com/themobileprof/clipilot/internal/mocks/mocks.go:175.43,176.34 1 0
github.com/themobileprof/clipilot/internal/mocks/mocks.go:176.34,178.4 1 0
github.com/themobileprof/clipilot/internal/mocks/mocks.go:180.2,180.42 1 0
github.com/themobileprof/clipilot/internal/mocks/mocks.go:183.71,184.27 1 0
github.com/themobileprof/clipilot/internal/mocks/mocks.go:184.27,186.3 1 0
github.com/themobileprof/clipilot/internal/mocks/mocks.go:187.2,187.31 1 0
github.com/themobileprof/clipilot/internal/mocks/mocks.go:187.31,189.3 1 0
github.com/themobileprof/clipilot/internal/mocks/mocks.go:190.2,191.12 2 0
github.com/themobileprof/clipilot/internal/mocks/mocks.go:194.62,195.30 1 0
github.com/themobileprof/clipilot/internal/mocks/mocks.go:195.30,197.3 1 0
github.com/themobileprof/clipilot/internal/mocks/mocks.go:198.2,199.12 2 0
github.com/themobileprof/clipilot/internal/mocks/mocks.go:202.83,203.30 1 0
github.com/themobileprof/clipilot/internal/mocks/mocks.go:203.30,205.3 1 0
github.com/themobileprof/clipilot/internal/mocks/mocks.go:206.2,206.43 1 0
github.com/themobileprof/clipilot/internal/mocks/mocks.go:206.43,208.3 1 0
github.com/themobileprof/clipilot/internal/mocks/mocks.go:209.2,209.37 1 0
github.com/themobileprof/clipilot/internal/mocks/mocks.go:223.59,224.27 1 0
github.com/themobileprof/clipilot/internal/mocks/mocks.go:224.27,226.3 1 0
github.com/themobileprof/clipilot/internal/mocks/mocks.go:227.2,227.21 1 0
github.com/themobileprof/clipilot/internal/mocks/mocks.go:230.63,231.31 1 0
github.com/themobileprof/clipilot/internal/mocks/mocks.go:231.31,233.3 1 0
github.com/themobileprof/clipilot/internal/mocks/mocks.go:234.2,234.22 1 0
github.com/themobileprof/clipilot/internal/mocks/mocks.go:237.48,238.27 1 0
github.com/themobileprof/clipilot/internal/mocks/mocks.go:238.27,240.3 1 0
github.com/themobileprof/clipilot/internal/mocks/mocks.go:241.2,241.14 1 0
github.com/themobileprof/clipilot/internal/mocks/mocks.go:244.68,245.36 1 0
github.com/themobileprof/clipilot/internal/mocks/mocks.go:245.36,247.3 1 0
github.com/themobileprof/clipilot/internal/mocks/mocks.go:248.2,248.19 1 0
github.com/themobileprof/clipilot/internal/mocks/mocks.go:260.109,261.27 1 0
github.com/themobileprof/clipilot/internal/mocks/mocks.go:261.27,263.3 1 0
github.com/themobileprof/clipilot/internal/mocks/mocks.go:264.2,269.8 1 0
github.com/themobileprof/clipilot/internal/mocks/mocks.go:272.44,273.30 1 0
github.com/themobileprof/clipilot/internal/mocks/mocks.go:273.30,275.3 1 0
github.com/themobileprof/clipilot/internal/mocks/mocks.go:276.2,276.13 1 0
github.com/themobileprof/clipilot/internal/mocks/mocks.go:290.49,291.23 1 0
github.com/themobileprof/clipilot/internal/mocks/mocks.go:291.23,293.3 1 0
github.com/themobileprof/clipilot/internal/mocks/mocks.go:294.2,294.15 1 0
github.com/themobileprof/clipilot/internal/mocks/mocks.go:297.48,298.24 1 0
github.com/themobileprof/clipilot/internal/mocks/mocks.go:298.24,300.3 1 0
github.com/themobileprof/clipilot/internal/mocks/mocks.go:301.2,301.12 1 0
github.com/themobileprof/clipilot/internal/mocks/mocks.go:304.50,305.26 1 0
github.com/themobileprof/clipilot/internal/mocks/mocks.go:305.26,307.3 1 0
github.com/themobileprof/clipilot/internal/mocks/mocks.go:308.2,308.12 1 0
github.com/themobileprof/clipilot/internal/journey/logger.go:43.26,44.17 1 0
github.com/themobileprof/clipilot/internal/journey/logger.go:44.17,50.3 3 0
github.com/themobileprof/clipilot/internal/journey/logger.go:51.2,51.17 1 0
github.com/themobileprof/clipilot/internal/journey/logger.go:55.48,64.2 3 0
github.com/themobileprof/clipilot/internal/journey/logger.go:67.115,71.22 3 0
github.com/themobileprof/clipilot/internal/journey/logger.go:71.22,73.3 1 0
github.com/themobileprof/clipilot/internal/journey/logger.go:75.2,81.4 1 0
github.com/themobileprof/clipilot/internal/journey/logger.go:85.68,89.22 3 0
github.com/themobileprof/clipilot/internal/journey/logger.go:89.22,91.3 1 0
github.com/themobileprof/clipilot/internal/journey/logger.go:95.2,96.29 2 0
github.com/themobileprof/clipilot/internal/journey/logger.go:96.29,98.3 1 0
github.com/themobileprof/clipilot/internal/journey/logger.go:100.2,101.53 2 0
github.com/themobileprof/clipilot/internal/journey/logger.go:105.47,109.22 3 0
github.com/themobileprof/clipilot/internal/journey/logger.go:109.22,111.3 1 0
github.com/themobileprof/clipilot/internal/journey/logger.go:113.2,117.16 3 0
github.com/themobileprof/clipilot/internal/journey/logger.go:117.16,120.3 2 0
github.com/themobileprof/clipilot/internal/journey/logger.go:121.2,127.17 5 0
github.com/themobileprof/clipilot/server/auth/auth.go:38.55,49.2 3 0
github.com/themobileprof/clipilot/server/auth/auth.go:52.64,54.2 1 0
github.com/themobileprof/clipilot/server/auth/auth.go:57.70,79.2 6 0
github.com/themobileprof/clipilot/server/auth/auth.go:82.79,109.2 6 0
github.com/themobileprof/clipilot/server/auth/auth.go:112.55,120.2 1 0
github.com/themobileprof/clipilot/server/auth/auth.go:123.57,125.16 2 0
github.com/themobileprof/clipilot/server/auth/auth.go:125.16,127.3 1 0
github.com/themobileprof/clipilot/server/auth/auth.go:129.2,133.13 4 0
github.com/themobileprof/clipilot/server/auth/auth.go:133.13,135.3 1 0
github.com/themobileprof/clipilot/server/auth/auth.go:137.2,137.41 1 0
github.com/themobileprof/clipilot/server/auth/auth.go:137.41,142.3 4 0
github.com/themobileprof/clipilot/server/auth/auth.go:144.2,144.13 1 0
github.com/themobileprof/clipilot/server/auth/auth.go:148.55,150.16 2 0
github.com/themobileprof/clipilot/server/auth/auth.go:150.16,152.3 1 0
github.com/themobileprof/clipilot/server/auth/auth.go:154.2,158.13 4 0
github.com/themobileprof/clipilot/server/auth/auth.go:158.13,160.3 1 0
github.com/themobileprof/clipilot/server/auth/auth.go:162.2,162.25 1 0
github.com/themobileprof/clipilot/server/auth/auth.go:166.56,168.16 2 0
github.com/themobileprof/clipilot/server/auth/auth.go:168.16,170.3 1 0
github.com/themobileprof/clipilot/server/auth/auth.go:172.2,176.52 4 0
github.com/themobileprof/clipilot/server/auth/auth.go:176.52,178.3 1 0
github.com/themobileprof/clipilot/server/auth/auth.go:180.2,180.16 1 0
github.com/themobileprof/clipilot/server/auth/auth.go:184.49,187.2 2 0
github.com/themobileprof/clipilot/server/auth/auth.go:190.42,192.40 2 0
github.com/themobileprof/clipilot/server/auth/auth.go:192.40,195.3 1 0
github.com/themobileprof/clipilot/server/auth/auth.go:196.2,196.45 1 0
github.com/themobileprof/clipilot/server/auth/auth.go:200.44,204.21 3 0
github.com/themobileprof/clipilot/server/auth/auth.go:204.21,207.42 3 0
github.com/themobileprof/clipilot/server/auth/auth.go:207.42,208.36 1 0
github.com/themobileprof/clipilot/server/auth/auth.go:208.36,210.5 1 0
github.com/themobileprof/clipilot/server/auth/auth.go:212.3,212.16 1 0
github.com/themobileprof/clipilot/server/auth/github.go:30.80,38.2 1 0
github.com/themobileprof/clipilot/server/auth/github.go:41.111,45.16 3 0
github.com/themobileprof/clipilot/server/auth/github.go:45.16,47.3 1 0
github.com/themobileprof/clipilot/server/auth/github.go:48.2,50.38 2 0
github.com/themobileprof/clipilot/server/auth/github.go:50.38,52.3 1 0
github.com/themobileprof/clipilot/server/auth/github.go:54.2,55.65 2 0
github.com/themobileprof/clipilot/server/auth/github.go:55.65,57.3 1 0
github.com/themobileprof/clipilot/server/auth/github.go:59.2,59.19 1 0
github.com/themobileprof/clipilot/server/handlers/commands.go:38.77,42.54 2 0
github.com/themobileprof/clipilot/server/handlers/commands.go:42.54,43.34 1 0
github.com/themobileprof/clipilot/server/handlers/commands.go:43.34,46.4 2 0
github.com/themobileprof/clipilot/server/handlers/commands.go:48.3,49.62 2 0
github.com/themobileprof/clipilot/server/handlers/commands.go:49.62,52.4 2 0
github.com/themobileprof/clipilot/server/handlers/commands.go:54.3,54.22 1 0
github.com/themobileprof/clipilot/server/handlers/commands.go:54.22,57.4 2 0
github.com/themobileprof/clipilot/server/handlers/commands.go:60.3,61.76 2 0
github.com/themobileprof/clipilot/server/handlers/commands.go:61.76,70.4 4 0
github.com/themobileprof/clipilot/server/handlers/commands.go:73.3,74.17 2 0
github.com/themobileprof/clipilot/server/handlers/commands.go:74.17,78.4 3 0
github.com/themobileprof/clipilot/server/handlers/commands.go:81.3,81.26 1 0
github.com/themobileprof/clipilot/server/handlers/commands.go:81.26,83.4 1 0
github.com/themobileprof/clipilot/server/handlers/commands.go:85.3,92.42 3 0
github.com/themobileprof/clipilot/server/handlers/commands.go:97.73,108.86 3 0
github.com/themobileprof/clipilot/server/handlers/commands.go:108.86,113.3 1 0
github.com/themobileprof/clipilot/server/handlers/commands.go:117.2,119.8 1 0
github.com/themobileprof/clipilot/server/handlers/commands.go:125.35,133.2 1 0
github.com/themobileprof/clipilot/server/handlers/commands.go:135.37,138.2 2 0
github.com/themobileprof/clipilot/server/handlers/commands.go:140.77,148.16 5 0
github.com/themobileprof/clipilot/server/handlers/commands.go:148.16,150.3 1 0
github.com/themobileprof/clipilot/server/handlers/commands.go:152.2,153.69 2 0
github.com/themobileprof/clipilot/server/handlers/commands.go:153.69,155.3 1 0
github.com/themobileprof/clipilot/server/handlers/commands.go:156.2,156.24 1 0
github.com/themobileprof/clipilot/server/handlers/commands.go:159.76,165.2 2 0
github.com/themobileprof/clipilot/server/handlers/github_auth.go:16.72,17.26 1 0
github.com/themobileprof/clipilot/server/handlers/github_auth.go:17.26,20.3 2 0
github.com/themobileprof/clipilot/server/handlers/github_auth.go:23.2,36.56 4 0
github.com/themobileprof/clipilot/server/handlers/github_auth.go:40.75,41.26 1 0
github.com/themobileprof/clipilot/server/handlers/github_auth.go:41.26,44.3 2 0
github.com/themobileprof/clipilot/server/handlers/github_auth.go:47.2,48.16 2 0
github.com/themobileprof/clipilot/server/handlers/github_auth.go:48.16,51.3 2 0
github.com/themobileprof/clipilot/server/handlers/github_auth.go:53.2,54.37 2 0
github.com/themobileprof/clipilot/server/handlers/github_auth.go:54.37,57.3 2 0
github.com/themobileprof/clipilot/server/handlers/github_auth.go:60.2,69.16 3 0
github.com/themobileprof/clipilot/server/handlers/github_auth.go:69.16,72.3 2 0
github.com/themobileprof/clipilot/server/handlers/github_auth.go:74.2,75.16 2 0
github.com/themobileprof/clipilot/server/handlers/github_auth.go:75.16,79.3 3 0
github.com/themobileprof/clipilot/server/handlers/github_auth.go:82.2,83.16 2 0
github.com/themobileprof/clipilot/server/handlers/github_auth.go:83.16,87.3 3 0
github.com/themobileprof/clipilot/server/handlers/github_auth.go:90.2,95.47 3 0
github.com/themobileprof/clipilot/server/handlers/github_auth.go:99.29,101.40 2 0
github.com/themobileprof/clipilot/server/handlers/github_auth.go:101.40,104.3 1 0
github.com/themobileprof/clipilot/server/handlers/github_auth.go:105.2,105.45 1 0
github.com/themobileprof/clipilot/server/handlers/handlers.go:59.32,62.16 2 0
github.com/themobileprof/clipilot/server/handlers/handlers.go:62.16,64.3 1 0
github.com/themobileprof/clipilot/server/handlers/handlers.go:67.2,68.16 2 0
github.com/themobileprof/clipilot/server/handlers/handlers.go:68.16,70.3 1 0
github.com/themobileprof/clipilot/server/handlers/handlers.go:71.2,71.50 1 0
github.com/themobileprof/clipilot/server/handlers/handlers.go:71.50,73.3 1 0
github.com/themobileprof/clipilot/server/handlers/handlers.go:79.2,79.12 1 0
github.com/themobileprof/clipilot/server/handlers/handlers.go:79.12,83.69 2 0
github.com/themobileprof/clipilot/server/handlers/handlers.go:83.69,85.4 1 0
github.com/themobileprof/clipilot/server/handlers/handlers.go:87.3,87.57 1 0
github.com/themobileprof/clipilot/server/handlers/handlers.go:87.57,89.4 1 0
github.com/themobileprof/clipilot/server/handlers/handlers.go:93.2,95.16 3 0
github.com/themobileprof/clipilot/server/handlers/handlers.go:95.16,98.3 2 0
github.com/themobileprof/clipilot/server/handlers/handlers.go:101.2,105.62 3 0
github.com/themobileprof/clipilot/server/handlers/handlers.go:105.62,109.3 3 0
github.com/themobileprof/clipilot/server/handlers/handlers.go:109.8,111.3 1 0
github.com/themobileprof/clipilot/server/handlers/handlers.go:113.2,119.3 1 0
github.com/themobileprof/clipilot/server/handlers/handlers.go:123.65,125.2 1 0
github.com/themobileprof/clipilot/server/handlers/handlers.go:128.62,130.49 2 0
github.com/themobileprof/clipilot/server/handlers/handlers.go:130.49,132.3 1 0
github.com/themobileprof/clipilot/server/handlers/handlers.go:133.2,133.11 1 0
github.com/themobileprof/clipilot/server/handlers/handlers.go:137.65,138.23 1 0
github.com/themobileprof/clipilot/server/handlers/handlers.go:138.23,141.3 2 0
github.com/themobileprof/clipilot/server/handlers/handlers.go:143.2,152.74 4 0
github.com/themobileprof/clipilot/server/handlers/handlers.go:152.74,155.3 2 0
github.com/themobileprof/clipilot/server/handlers/handlers.go:159.72,167.16 3 0
github.com/themobileprof/clipilot/server/handlers/handlers.go:167.16,171.3 3 0
github.com/themobileprof/clipilot/server/handlers/handlers.go:172.2,175.18 3 0
github.com/themobileprof/clipilot/server/handlers/handlers.go:175.18,177.134 2 0
github.com/themobileprof/clipilot/server/handlers/handlers.go:177.134,179.12 2 0
github.com/themobileprof/clipilot/server/handlers/handlers.go:181.3,181.31 1 0
github.com/themobileprof/clipilot/server/handlers/handlers.go:184.2,192.77 3 0
github.com/themobileprof/clipilot/server/handlers/handlers.go:192.77,195.3 2 0
github.com/themobileprof/clipilot/server/handlers/handlers.go:199.70,202.21 2 0
github.com/themobileprof/clipilot/server/handlers/handlers.go:202.21,205.3 2 0
github.com/themobileprof/clipilot/server/handlers/handlers.go:207.2,215.26 4 0
github.com/themobileprof/clipilot/server/handlers/handlers.go:215.26,218.3 2 0
github.com/themobileprof/clipilot/server/handlers/handlers.go:219.2,219.16 1 0
github.com/themobileprof/clipilot/server/handlers/handlers.go:219.16,223.3 3 0
github.com/themobileprof/clipilot/server/handlers/handlers.go:226.2,231.34 4 0
github.com/themobileprof/clipilot/server/handlers/handlers.go:235.71,244.76 3 0
github.com/themobileprof/clipilot/server/handlers/handlers.go:244.76,247.3 2 0
github.com/themobileprof/clipilot/server/handlers/handlers.go:251.50,253.23 1 0
github.com/themobileprof/clipilot/server/handlers/handlers.go:253.23,255.3 1 0
github.com/themobileprof/clipilot/server/handlers/handlers.go:256.2,256.26 1 0
github.com/themobileprof/clipilot/server/handlers/handlers.go:256.26,258.3 1 0
github.com/themobileprof/clipilot/server/handlers/handlers.go:259.2,259.30 1 0
github.com/themobileprof/clipilot/server/handlers/handlers.go:259.30,261.3 1 0
github.com/themobileprof/clipilot/server/handlers/handlers.go:264.2,265.41 2 0
github.com/themobileprof/clipilot/server/handlers/handlers.go:265.41,267.3 1 0
github.com/themobileprof/clipilot/server/handlers/handlers.go:270.2,271.47 2 0
github.com/themobileprof/clipilot/server/handlers/handlers.go:271.47,273.3 1 0
github.com/themobileprof/clipilot/server/handlers/handlers.go:276.2,276.27 1 0
github.com/themobileprof/clipilot/server/handlers/handlers.go:276.27,278.3 1 0
github.com/themobileprof/clipilot/server/handlers/handlers.go:281.2,281.28 1 0
github.com/themobileprof/clipilot/server/handlers/handlers.go:281.28,283.3 1 0
github.com/themobileprof/clipilot/server/handlers/handlers.go:286.2,287.43 2 0
github.com/themobileprof/clipilot/server/handlers/handlers.go:287.43,288.41 1 0
github.com/themobileprof/clipilot/server/handlers/handlers.go:288.41,291.24 2 0
github.com/themobileprof/clipilot/server/handlers/handlers.go:291.24,293.5 1 0
github.com/themobileprof/clipilot/server/handlers/handlers.go:295.4,295.52 1 0
github.com/themobileprof/clipilot/server/handlers/handlers.go:295.52,297.5 1 0
github.com/themobileprof/clipilot/server/handlers/handlers.go:300.2,300.19 1 0
github.com/themobileprof/clipilot/server/handlers/handlers.go:300.19,302.3 1 0
github.com/themobileprof/clipilot/server/handlers/handlers.go:305.2,312.43 2 0
github.com/themobileprof/clipilot/server/handlers/handlers.go:312.43,313.41 1 0
github.com/themobileprof/clipilot/server/handlers/handlers.go:313.41,314.23 1 0
github.com/themobileprof/clipilot/server/handlers/handlers.go:314.23,316.5 1 0
github.com/themobileprof/clipilot/server/handlers/handlers.go:317.4,317.30 1 0
github.com/themobileprof/clipilot/server/handlers/handlers.go:317.30,319.5 1 0
github.com/themobileprof/clipilot/server/handlers/handlers.go:320.4,320.51 1 0
github.com/themobileprof/clipilot/server/handlers/handlers.go:320.51,322.5 1 0
github.com/themobileprof/clipilot/server/handlers/handlers.go:323.4,323.51 1 0
github.com/themobileprof/clipilot/server/handlers/handlers.go:323.51,325.5 1 0
github.com/themobileprof/clipilot/server/handlers/handlers.go:330.2,330.35 1 0
github.com/themobileprof/clipilot/server/handlers/handlers.go:330.35,332.3 1 0
github.com/themobileprof/clipilot/server/handlers/handlers.go:333.2,333.27 1 0
github.com/themobileprof/clipilot/server/handlers/handlers.go:333.27,335.3 1 0
github.com/themobileprof/clipilot/server/handlers/handlers.go:336.2,336.34 1 0
github.com/themobileprof/clipilot/server/handlers/handlers.go:336.34,337.20 1 0
github.com/themobileprof/clipilot/server/handlers/handlers.go:337.20,339.4 1 0
github.com/themobileprof/clipilot/server/handlers/handlers.go:341.2,341.71 1 0
github.com/themobileprof/clipilot/server/handlers/handlers.go:341.71,343.3 1 0
github.com/themobileprof/clipilot/server/handlers/handlers.go:345.2,345.12 1 0
github.com/themobileprof/clipilot/server/handlers/handlers.go:349.70,350.33 1 0
github.com/themobileprof/clipilot/server/handlers/handlers.go:350.33,353.3 2 0
github.com/themobileprof/clipilot/server/handlers/handlers.go:356.2,356.55 1 0
github.com/themobileprof/clipilot/server/handlers/handlers.go:356.55,359.3 2 0
github.com/themobileprof/clipilot/server/handlers/handlers.go:362.2,365.16 3 0
github.com/themobileprof/clipilot/server/handlers/handlers.go:365.16,368.3 2 0
github.com/themobileprof/clipilot/server/handlers/handlers.go:369.2,373.64 2 0
github.com/themobileprof/clipilot/server/handlers/handlers.go:373.64,376.3 2 0
github.com/themobileprof/clipilot/server/handlers/handlers.go:379.2,380.16 2 0
github.com/themobileprof/clipilot/server/handlers/handlers.go:380.16,383.3 2 0
github.com/themobileprof/clipilot/server/handlers/handlers.go:386.2,386.27 1 0
github.com/themobileprof/clipilot/server/handlers/handlers.go:386.27,389.3 2 0
github.com/themobileprof/clipilot/server/handlers/handlers.go:392.2,393.54 2 0
github.com/themobileprof/clipilot/server/handlers/handlers.go:393.54,399.3 4 0
github.com/themobileprof/clipilot/server/handlers/handlers.go:402.2,402.48 1 0
github.com/themobileprof/clipilot/server/handlers/handlers.go:402.48,408.3 4 0
github.com/themobileprof/clipilot/server/handlers/handlers.go:411.2,417.40 5 0
github.com/themobileprof/clipilot/server/handlers/handlers.go:417.40,421.3 3 0
github.com/themobileprof/clipilot/server/handlers/handlers.go:423.2,423.32 1 0
github.com/themobileprof/clipilot/server/handlers/handlers.go:423.32,429.3 4 0
github.com/themobileprof/clipilot/server/handlers/handlers.go:432.2,436.16 4 0
github.com/themobileprof/clipilot/server/handlers/handlers.go:436.16,442.3 5 0
github.com/themobileprof/clipilot/server/handlers/handlers.go:443.2,445.47 2 0
github.com/themobileprof/clipilot/server/handlers/handlers.go:445.47,451.3 5 0
github.com/themobileprof/clipilot/server/handlers/handlers.go:454.2,458.26 3 0
github.com/themobileprof/clipilot/server/handlers/handlers.go:458.26,460.35 2 0
github.com/themobileprof/clipilot/server/handlers/handlers.go:460.35,462.4 1 0
github.com/themobileprof/clipilot/server/handlers/handlers.go:463.3,463.53 1 0
github.com/themobileprof/clipilot/server/handlers/handlers.go:466.2,466.18 1 0
github.com/themobileprof/clipilot/server/handlers/handlers.go:466.18,474.17 2 0
github.com/themobileprof/clipilot/server/handlers/handlers.go:474.17,481.4 6 0
github.com/themobileprof/clipilot/server/handlers/handlers.go:484.3,484.61 1 0
github.com/themobileprof/clipilot/server/handlers/handlers.go:484.61,485.54 1 0
github.com/themobileprof/clipilot/server/handlers/handlers.go:485.54,487.5 1 0
github.com/themobileprof/clipilot/server/handlers/handlers.go:490.3,494.32 4 0
github.com/themobileprof/clipilot/server/handlers/handlers.go:495.8,503.17 2 0
github.com/themobileprof/clipilot/server/handlers/handlers.go:503.17,510.4 6 0
github.com/themobileprof/clipilot/server/handlers/handlers.go:512.3,516.32 4 0
github.com/themobileprof/clipilot/server/handlers/handlers.go:521.70,531.16 3 0
github.com/themobileprof/clipilot/server/handlers/handlers.go:531.16,535.3 3 0
github.com/themobileprof/clipilot/server/handlers/handlers.go:536.2,539.18 3 0
github.com/themobileprof/clipilot/server/handlers/handlers.go:539.18,541.108 2 0
github.com/themobileprof/clipilot/server/handlers/handlers.go:541.108,543.12 2 0
github.com/themobileprof/clipilot/server/handlers/handlers.go:545.3,545.31 1 0
github.com/themobileprof/clipilot/server/handlers/handlers.go:548.2,555.80 2 0
github.com/themobileprof/clipilot/server/handlers/handlers.go:555.80,558.3 2 0
github.com/themobileprof/clipilot/server/handlers/handlers.go:562.66,563.32 1 0
github.com/themobileprof/clipilot/server/handlers/handlers.go:563.32,568.76 2 0
github.com/themobileprof/clipilot/server/handlers/handlers.go:568.76,571.4 2 0
github.com/themobileprof/clipilot/server/handlers/handlers.go:572.3,572.9 1 0
github.com/themobileprof/clipilot/server/handlers/handlers.go:575.2,575.33 1 0
github.com/themobileprof/clipilot/server/handlers/handlers.go:575.33,580.39 3 0
github.com/themobileprof/clipilot/server/handlers/handlers.go:580.39,585.77 2 0
github.com/themobileprof/clipilot/server/handlers/handlers.go:585.77,588.5 2 0
github.com/themobileprof/clipilot/server/handlers/handlers.go:589.4,589.10 1 0
github.com/themobileprof/clipilot/server/handlers/handlers.go:592.3,592.46 1 0
github.com/themobileprof/clipilot/server/handlers/handlers.go:592.46,596.4 3 0
github.com/themobileprof/clipilot/server/handlers/handlers.go:598.3,604.76 3 0
github.com/themobileprof/clipilot/server/handlers/handlers.go:604.76,607.4 2 0
github.com/themobileprof/clipilot/server/handlers/handlers.go:608.3,608.9 1 0
github.com/themobileprof/clipilot/server/handlers/handlers.go:611.2,611.66 1 0
github.com/themobileprof/clipilot/server/handlers/handlers.go:615.67,618.2 2 0
github.com/themobileprof/clipilot/server/handlers/handlers.go:621.72,622.54 1 0
github.com/themobileprof/clipilot/server/handlers/handlers.go:622.54,623.33 1 0
github.com/themobileprof/clipilot/server/handlers/handlers.go:623.33,626.4 2 0
github.com/themobileprof/clipilot/server/handlers/handlers.go:627.3,627.13 1 0
github.com/themobileprof/clipilot/server/handlers/handlers.go:632.75,638.16 2 0
github.com/themobileprof/clipilot/server/handlers/handlers.go:638.16,642.3 3 0
github.com/themobileprof/clipilot/server/handlers/handlers.go:643.2,649.18 5 0
github.com/themobileprof/clipilot/server/handlers/handlers.go:649.18,652.115 3 0
github.com/themobileprof/clipilot/server/handlers/handlers.go:652.115,653.12 1 0
github.com/themobileprof/clipilot/server/handlers/handlers.go:656.3,656.13 1 0
github.com/themobileprof/clipilot/server/handlers/handlers.go:656.13,658.4 1 0
github.com/themobileprof/clipilot/server/handlers/handlers.go:659.3,662.76 2 0
github.com/themobileprof/clipilot/server/handlers/handlers.go:665.2,665.29 1 0
github.com/themobileprof/clipilot/server/handlers/handlers.go:668.73,671.2 1 0
github.com/themobileprof/clipilot/server/handlers/handlers.go:674.79,676.2 1 0
github.com/themobileprof/clipilot/server/handlers/handlers.go:679.72,682.36 2 0
github.com/themobileprof/clipilot/server/handlers/handlers.go:682.36,685.3 2 0
github.com/themobileprof/clipilot/server/handlers/handlers.go:687.2,688.24 2 0
github.com/themobileprof/clipilot/server/handlers/handlers.go:688.24,690.3 1 0
github.com/themobileprof/clipilot/server/handlers/handlers.go:690.8,692.3 1 0
github.com/themobileprof/clipilot/server/handlers/handlers.go:694.2,695.45 1 0
github.com/themobileprof/clipilot/server/handlers/requests.go:29.77,30.33 1 0
github.com/themobileprof/clipilot/server/handlers/requests.go:30.33,33.3 2 0
github.com/themobileprof/clipilot/server/handlers/requests.go:35.2,40.61 2 0
github.com/themobileprof/clipilot/server/handlers/requests.go:40.61,43.3 2 0
github.com/themobileprof/clipilot/server/handlers/requests.go:46.2,47.17 2 0
github.com/themobileprof/clipilot/server/handlers/requests.go:47.17,50.3 2 0
github.com/themobileprof/clipilot/server/handlers/requests.go:53.2,62.16 4 0
github.com/themobileprof/clipilot/server/handlers/requests.go:62.16,66.3 3 0
github.com/themobileprof/clipilot/server/handlers/requests.go:68.2,78.17 3 0
github.com/themobileprof/clipilot/server/handlers/requests.go:78.17,80.3 1 0
github.com/themobileprof/clipilot/server/handlers/requests.go:84.79,88.40 2 0
github.com/themobileprof/clipilot/server/handlers/requests.go:88.40,91.3 2 0
github.com/themobileprof/clipilot/server/handlers/requests.go:94.2,95.24 2 0
github.com/themobileprof/clipilot/server/handlers/requests.go:95.24,97.3 1 0
github.com/themobileprof/clipilot/server/handlers/requests.go:100.2,103.27 3 0
github.com/themobileprof/clipilot/server/handlers/requests.go:103.27,111.3 1 0
github.com/themobileprof/clipilot/server/handlers/requests.go:111.8,120.3 1 0
github.com/themobileprof/clipilot/server/handlers/requests.go:122.2,122.16 1 0
github.com/themobileprof/clipilot/server/handlers/requests.go:122.16,125.3 2 0
github.com/themobileprof/clipilot/server/handlers/requests.go:126.2,129.18 3 0
github.com/themobileprof/clipilot/server/handlers/requests.go:129.18,138.17 5 0
github.com/themobileprof/clipilot/server/handlers/requests.go:138.17,140.12 2 0
github.com/themobileprof/clipilot/server/handlers/requests.go:143.3,143.24 1 0
github.com/themobileprof/clipilot/server/handlers/requests.go:143.24,145.4 1 0
github.com/themobileprof/clipilot/server/handlers/requests.go:146.3,146.18 1 0
github.com/themobileprof/clipilot/server/handlers/requests.go:146.18,148.4 1 0
github.com/themobileprof/clipilot/server/handlers/requests.go:149.3,149.22 1 0
github.com/themobileprof/clipilot/server/handlers/requests.go:149.22,151.4 1 0
github.com/themobileprof/clipilot/server/handlers/requests.go:153.3,153.35 1 0
github.com/themobileprof/clipilot/server/handlers/requests.go:157.2,163.16 3 0
github.com/themobileprof/clipilot/server/handlers/requests.go:163.16,165.24 2 0
github.com/themobileprof/clipilot/server/handlers/requests.go:165.24,168.58 3 0
github.com/themobileprof/clipilot/server/handlers/requests.go:168.58,170.5 1 0
github.com/themobileprof/clipilot/server/handlers/requests.go:174.2,183.85 2 0
github.com/themobileprof/clipilot/server/handlers/requests.go:183.85,186.3 2 0
github.com/themobileprof/clipilot/server/handlers/requests.go:191.83,192.64 1 0
github.com/themobileprof/clipilot/server/handlers/requests.go:192.64,195.3 2 0
github.com/themobileprof/clipilot/server/handlers/requests.go:197.2,198.40 2 0
github.com/themobileprof/clipilot/server/handlers/requests.go:198.40,201.3 2 0
github.com/themobileprof/clipilot/server/handlers/requests.go:204.2,206.62 3 0
github.com/themobileprof/clipilot/server/handlers/requests.go:206.62,209.3 2 0
github.com/themobileprof/clipilot/server/handlers/requests.go:211.2,218.64 2 0
github.com/themobileprof/clipilot/server/handlers/requests.go:218.64,221.3 2 0
github.com/themobileprof/clipilot/server/handlers/requests.go:224.2,227.26 3 0
github.com/themobileprof/clipilot/server/handlers/requests.go:227.26,230.3 2 0
github.com/themobileprof/clipilot/server/handlers/requests.go:231.2,231.25 1 0
github.com/themobileprof/clipilot/server/handlers/requests.go:231.25,234.3 2 0
github.com/themobileprof/clipilot/server/handlers/requests.go:235.2,235.37 1 0
github.com/themobileprof/clipilot/server/handlers/requests.go:235.37,238.3 2 0
github.com/themobileprof/clipilot/server/handlers/requests.go:239.2,239.31 1 0
github.com/themobileprof/clipilot/server/handlers/requests.go:239.31,242.3 2 0
github.com/themobileprof/clipilot/server/handlers/requests.go:244.2,244.23 1 0
github.com/themobileprof/clipilot/server/handlers/requests.go:244.23,247.3 2 0
github.com/themobileprof/clipilot/server/handlers/requests.go:249.2,252.53 3 0
github.com/themobileprof/clipilot/server/handlers/requests.go:252.53,256.3 3 0
github.com/themobileprof/clipilot/server/handlers/requests.go:258.2,262.17 2 0
github.com/themobileprof/clipilot/server/handlers/requests.go:262.17,264.3 1 0
github.com/themobileprof/clipilot/server/handlers/requests.go:268.42,270.55 1 0
github.com/themobileprof/clipilot/server/handlers/requests.go:270.55,274.3 2 0
github.com/themobileprof/clipilot/server/handlers/requests.go:277.2,277.49 1 0
github.com/themobileprof/clipilot/server/handlers/requests.go:277.49,279.3 1 0
github.com/themobileprof/clipilot/server/handlers/requests.go:282.2,284.50 2 0
github.com/themobileprof/clipilot/server/handlers/requests.go:284.50,286.3 1 0
github.com/themobileprof/clipilot/server/handlers/requests.go:287.2,287.11 1 0
github.com/themobileprof/clipilot/internal/registry/client.go:47.56,56.2 1 0
github.com/themobileprof/clipilot/internal/registry/client.go:59.52,72.82 3 0
github.com/themobileprof/clipilot/internal/registry/client.go:72.82,74.18 2 0
github.com/themobileprof/clipilot/internal/registry/client.go:74.18,76.5 1 0
github.com/themobileprof/clipilot/internal/registry/client.go:79.4,80.18 2 0
github.com/themobileprof/clipilot/internal/registry/client.go:80.18,82.5 1 0
github.com/themobileprof/clipilot/internal/registry/client.go:85.4,85.47 1 0
github.com/themobileprof/clipilot/internal/registry/client.go:85.47,88.27 3 0
github.com/themobileprof/clipilot/internal/registry/client.go:88.27,91.6 1 0
github.com/themobileprof/clipilot/internal/registry/client.go:95.4,95.19 1 0
github.com/themobileprof/clipilot/internal/registry/client.go:106.49,108.55 1 0
github.com/themobileprof/clipilot/internal/registry/client.go:108.55,110.3 1 0
github.com/themobileprof/clipilot/internal/registry/client.go:113.2,115.29 3 0
github.com/themobileprof/clipilot/internal/registry/client.go:115.29,117.3 1 0
github.com/themobileprof/clipilot/internal/registry/client.go:120.2,121.24 2 0
github.com/themobileprof/clipilot/internal/registry/client.go:125.39,132.16 2 0
github.com/themobileprof/clipilot/internal/registry/client.go:132.16,134.3 1 0
github.com/themobileprof/clipilot/internal/registry/client.go:137.2,138.16 2 0
github.com/themobileprof/clipilot/internal/registry/client.go:138.16,141.3 2 0
github.com/themobileprof/clipilot/internal/registry/client.go:142.2,144.38 2 0
github.com/themobileprof/clipilot/internal/registry/client.go:144.38,148.3 3 0
github.com/themobileprof/clipilot/internal/registry/client.go:151.2,152.16 2 0
github.com/themobileprof/clipilot/internal/registry/client.go:152.16,155.3 2 0
github.com/themobileprof/clipilot/internal/registry/client.go:157.2,158.55 2 0
github.com/themobileprof/clipilot/internal/registry/client.go:158.55,161.3 2 0
github.com/themobileprof/clipilot/internal/registry/client.go:164.2,165.16 2 0
github.com/themobileprof/clipilot/internal/registry/client.go:165.16,168.3 2 0
github.com/themobileprof/clipilot/internal/registry/client.go:169.2,169.15 1 0
github.com/themobileprof/clipilot/internal/registry/client.go:169.15,171.3 1 0
github.com/themobileprof/clipilot/internal/registry/client.go:173.2,177.30 3 0
github.com/themobileprof/clipilot/internal/registry/client.go:177.30,188.27 6 0
github.com/themobileprof/clipilot/internal/registry/client.go:188.27,195.18 2 0
github.com/themobileprof/clipilot/internal/registry/client.go:195.18,196.13 1 0
github.com/themobileprof/clipilot/internal/registry/client.go:198.4,198.12 1 0
github.com/themobileprof/clipilot/internal/registry/client.go:199.9,199.38 1 0
github.com/themobileprof/clipilot/internal/registry/client.go:199.38,207.18 2 0
github.com/themobileprof/clipilot/internal/registry/client.go:207.18,208.13 1 0
github.com/themobileprof/clipilot/internal/registry/client.go:210.4,210.12 1 0
github.com/themobileprof/clipilot/internal/registry/client.go:211.9,211.24 1 0
github.com/themobileprof/clipilot/internal/registry/client.go:211.24,213.12 1 0
github.com/themobileprof/clipilot/internal/registry/client.go:220.2,220.36 1 0
github.com/themobileprof/clipilot/internal/registry/client.go:220.36,223.3 2 0
github.com/themobileprof/clipilot/internal/registry/client.go:226.2,228.12 2 0
github.com/themobileprof/clipilot/internal/registry/client.go:232.78,242.2 1 0
github.com/themobileprof/clipilot/internal/registry/client.go:245.55,257.16 5 0
github.com/themobileprof/clipilot/internal/registry/client.go:257.16,262.3 1 0
github.com/themobileprof/clipilot/internal/registry/client.go:265.2,270.18 2 0
github.com/themobileprof/clipilot/internal/registry/client.go:270.18,272.3 1 0
github.com/themobileprof/clipilot/internal/registry/client.go:273.2,278.21 5 0
github.com/themobileprof/clipilot/internal/registry/client.go:282.49,289.38 5 0
github.com/themobileprof/clipilot/internal/registry/client.go:289.38,291.3 1 0
github.com/themobileprof/clipilot/internal/registry/client.go:293.2,294.16 2 0
github.com/themobileprof/clipilot/internal/registry/client.go:294.16,296.3 1 0
github.com/themobileprof/clipilot/internal/registry/client.go:298.2,299.16 2 0
github.com/themobileprof/clipilot/internal/registry/client.go:299.16,301.3 1 0
github.com/themobileprof/clipilot/internal/registry/client.go:303.2,303.21 1 0
github.com/themobileprof/clipilot/internal/registry/client.go:303.21,305.3 1 0
github.com/themobileprof/clipilot/internal/registry/client.go:308.2,309.36 2 0
github.com/themobileprof/clipilot/internal/registry/client.go:313.74,323.16 4 0
github.com/themobileprof/clipilot/internal/registry/client.go:323.16,325.3 1 0
github.com/themobileprof/clipilot/internal/registry/client.go:328.2,329.16 2 0
github.com/themobileprof/clipilot/internal/registry/client.go:329.16,331.3 1 0
github.com/themobileprof/clipilot/internal/registry/client.go:332.2,334.38 2 0
github.com/themobileprof/clipilot/internal/registry/client.go:334.38,336.3 1 0
github.com/themobileprof/clipilot/internal/registry/client.go:339.2,340.16 2 0
github.com/themobileprof/clipilot/internal/registry/client.go:340.16,342.3 1 0
github.com/themobileprof/clipilot/internal/registry/client.go:346.2,349.21 2 0
github.com/themobileprof/clipilot/internal/registry/client.go:353.67,360.16 2 0
github.com/themobileprof/clipilot/internal/registry/client.go:360.16,362.3 1 0
github.com/themobileprof/clipilot/internal/registry/client.go:363.2,366.18 3 0
github.com/themobileprof/clipilot/internal/registry/client.go:366.18,370.17 4 0
github.com/themobileprof/clipilot/internal/registry/client.go:370.17,371.12 1 0
github.com/themobileprof/clipilot/internal/registry/client.go:373.3,373.20 1 0
github.com/themobileprof/clipilot/internal/registry/client.go:373.20,375.4 1 0
github.com/themobileprof/clipilot/internal/registry/client.go:376.3,376.33 1 0
github.com/themobileprof/clipilot/internal/registry/client.go:379.2,379.21 1 0
github.com/themobileprof/clipilot/internal/registry/client.go:383.78,384.25 1 0
github.com/themobileprof/clipilot/internal/registry/client.go:384.25,386.3 1 0
github.com/themobileprof/clipilot/internal/registry/client.go:388.2,394.16 3 0
github.com/themobileprof/clipilot/internal/registry/client.go:394.16,396.3 1 0
github.com/themobileprof/clipilot/internal/registry/client.go:398.2,400.16 3 0
github.com/themobileprof/clipilot/internal/registry/client.go:400.16,402.3 1 0
[...]
github.com/themobileprof/clipilot/internal/intent/keyword.go:297.18,297.28 1 5
github.com/themobileprof/clipilot/internal/intent/keyword.go:299.3,308.11 2 0
github.com/themobileprof/clipilot/internal/intent/keyword.go:311.2,311.24 1 2
github.com/themobileprof/clipilot/internal/intent/keyword.go:315.78,317.22 2 4
github.com/themobileprof/clipilot/internal/intent/keyword.go:317.22,319.3 1 1
github.com/themobileprof/clipilot/internal/intent/keyword.go:322.2,332.31 4 3
github.com/themobileprof/clipilot/internal/intent/keyword.go:332.31,334.17 2 8
github.com/themobileprof/clipilot/internal/intent/keyword.go:334.17,335.12 1 0
github.com/themobileprof/clipilot/internal/intent/keyword.go:339.3,339.19 1 8
github.com/themobileprof/clipilot/internal/intent/keyword.go:339.19,342.82 3 3
github.com/themobileprof/clipilot/internal/intent/keyword.go:342.82,343.13 1 0
github.com/themobileprof/clipilot/internal/intent/keyword.go:346.4,346.19 1 3
github.com/themobileprof/clipilot/internal/intent/keyword.go:346.19,346.29 1 2
github.com/themobileprof/clipilot/internal/intent/keyword.go:347.4,355.6 2 1
github.com/themobileprof/clipilot/internal/intent/keyword.go:357.3,357.15 1 8
github.com/themobileprof/clipilot/internal/intent/keyword.go:361.2,362.33 2 3
github.com/themobileprof/clipilot/internal/intent/keyword.go:362.33,364.3 1 3
github.com/themobileprof/clipilot/internal/intent/keyword.go:367.2,368.31 2 3
github.com/themobileprof/clipilot/internal/intent/keyword.go:368.31,369.24 1 2
github.com/themobileprof/clipilot/internal/intent/keyword.go:369.24,371.4 1 2
github.com/themobileprof/clipilot/internal/intent/keyword.go:374.2,378.8 1 3
github.com/themobileprof/clipilot/internal/intent/keyword.go:382.86,390.16 5 3
github.com/themobileprof/clipilot/internal/intent/keyword.go:390.16,391.34 1 3
github.com/themobileprof/clipilot/internal/intent/keyword.go:391.34,400.4 2 1
github.com/themobileprof/clipilot/internal/intent/keyword.go:404.2,405.16 2 3
github.com/themobileprof/clipilot/internal/intent/keyword.go:405.16,406.37 1 3
github.com/themobileprof/clipilot/internal/intent/keyword.go:406.37,409.53 2 0
github.com/themobileprof/clipilot/internal/intent/keyword.go:409.53,411.5 1 0
github.com/themobileprof/clipilot/internal/intent/keyword.go:416.4,416.28 1 0
github.com/themobileprof/clipilot/internal/intent/keyword.go:416.28,417.13 1 0
github.com/themobileprof/clipilot/internal/intent/keyword.go:420.4,420.19 1 0
github.com/themobileprof/clipilot/internal/intent/keyword.go:420.19,430.13 2 0
github.com/themobileprof/clipilot/internal/intent/keyword.go:434.4,447.6 6 0
github.com/themobileprof/clipilot/internal/intent/keyword.go:451.2,454.8 1 3
github.com/themobileprof/clipilot/internal/intent/keyword.go:458.37,461.39 2 13
github.com/themobileprof/clipilot/internal/intent/keyword.go:461.39,462.91 1 206
github.com/themobileprof/clipilot/internal/intent/keyword.go:462.91,464.4 1 206
github.com/themobileprof/clipilot/internal/intent/keyword.go:465.3,465.13 1 0
github.com/themobileprof/clipilot/internal/intent/keyword.go:469.2,517.29 8 13
github.com/themobileprof/clipilot/internal/intent/keyword.go:517.29,518.15 1 32
github.com/themobileprof/clipilot/internal/intent/keyword.go:518.15,521.4 2 32
github.com/themobileprof/clipilot/internal/intent/keyword.go:524.2,524.31 1 13
github.com/themobileprof/clipilot/internal/intent/keyword.go:524.31,525.21 1 35
github.com/themobileprof/clipilot/internal/intent/keyword.go:525.21,526.12 1 0
github.com/themobileprof/clipilot/internal/intent/keyword.go:528.3,528.23 1 35
github.com/themobileprof/clipilot/internal/intent/keyword.go:528.23,529.12 1 6
github.com/themobileprof/clipilot/internal/intent/keyword.go:532.3,535.38 2 29
github.com/themobileprof/clipilot/internal/intent/keyword.go:535.38,536.27 1 3
github.com/themobileprof/clipilot/internal/intent/keyword.go:536.27,538.5 1 3
github.com/themobileprof/clipilot/internal/intent/keyword.go:542.2,542.17 1 13
github.com/themobileprof/clipilot/internal/intent/keyword.go:546.101,558.16 3 2
github.com/themobileprof/clipilot/internal/intent/keyword.go:558.16,560.3 1 0
github.com/themobileprof/clipilot/internal/intent/keyword.go:561.2,564.18 3 2
github.com/themobileprof/clipilot/internal/intent/keyword.go:564.18,572.17 4 0
github.com/themobileprof/clipilot/internal/intent/keyword.go:572.17,573.12 1 0
github.com/themobileprof/clipilot/internal/intent/keyword.go:577.3,581.27 2 0
github.com/themobileprof/clipilot/internal/intent/keyword.go:581.27,583.4 1 0
github.com/themobileprof/clipilot/internal/intent/keyword.go:586.2,586.21 1 2
github.com/themobileprof/clipilot/internal/intent/keyword.go:598.80,600.68 1 0
github.com/themobileprof/clipilot/internal/intent/keyword.go:600.68,601.19 1 0
github.com/themobileprof/clipilot/internal/intent/keyword.go:601.19,603.4 1 0
github.com/themobileprof/clipilot/internal/intent/keyword.go:607.2,607.48 1 0
github.com/themobileprof/clipilot/internal/intent/keyword.go:607.48,608.19 1 0
github.com/themobileprof/clipilot/internal/intent/keyword.go:608.19,610.4 1 0
github.com/themobileprof/clipilot/internal/intent/keyword.go:614.2,614.48 1 0
github.com/themobileprof/clipilot/internal/intent/keyword.go:614.48,615.19 1 0
github.com/themobileprof/clipilot/internal/intent/keyword.go:615.19,617.4 1 0
github.com/themobileprof/clipilot/internal/intent/keyword.go:621.2,621.49 1 0
github.com/themobileprof/clipilot/internal/intent/keyword.go:621.49,622.20 1 0
github.com/themobileprof/clipilot/internal/intent/keyword.go:622.20,624.4 1 0
github.com/themobileprof/clipilot/internal/intent/keyword.go:628.2,628.51 1 0
github.com/themobileprof/clipilot/internal/intent/keyword.go:628.51,629.20 1 0
github.com/themobileprof/clipilot/internal/intent/keyword.go:629.20,631.4 1 0
github.com/themobileprof/clipilot/internal/intent/keyword.go:634.2,634.11 1 0
github.com/themobileprof/clipilot/internal/intent/keyword.go:638.75,640.21 2 0
github.com/themobileprof/clipilot/internal/intent/keyword.go:640.21,642.3 1 0
github.com/themobileprof/clipilot/internal/intent/keyword.go:644.2,651.16 4 0
github.com/themobileprof/clipilot/internal/intent/keyword.go:651.16,653.3 1 0
github.com/themobileprof/clipilot/internal/intent/keyword.go:654.2,656.38 2 0
github.com/themobileprof/clipilot/internal/intent/keyword.go:656.38,658.3 1 0
github.com/themobileprof/clipilot/internal/intent/keyword.go:661.2,672.65 3 0
github.com/themobileprof/clipilot/internal/intent/keyword.go:672.65,674.3 1 0
github.com/themobileprof/clipilot/internal/intent/keyword.go:676.2,677.36 2 0
github.com/themobileprof/clipilot/internal/intent/keyword.go:677.36,680.26 2 0
github.com/themobileprof/clipilot/internal/intent/keyword.go:680.26,682.4 1 0
github.com/themobileprof/clipilot/internal/intent/keyword.go:684.3,690.5 1 0
github.com/themobileprof/clipilot/internal/intent/keyword.go:693.2,693.24 1 0
github.com/themobileprof/clipilot/internal/intent/matcher.go:20.50,27.2 1 0
github.com/themobileprof/clipilot/internal/intent/matcher.go:30.38,37.16 2 0
github.com/themobileprof/clipilot/internal/intent/matcher.go:37.16,39.3 1 0
github.com/themobileprof/clipilot/internal/intent/matcher.go:40.2,42.18 2 0
github.com/themobileprof/clipilot/internal/intent/matcher.go:42.18,44.56 2 0
github.com/themobileprof/clipilot/internal/intent/matcher.go:44.56,45.12 1 0
github.com/themobileprof/clipilot/internal/intent/matcher.go:49.3,60.5 3 0
github.com/themobileprof/clipilot/internal/intent/matcher.go:64.2,70.16 2 0
github.com/themobileprof/clipilot/internal/intent/matcher.go:70.16,72.19 2 0
github.com/themobileprof/clipilot/internal/intent/matcher.go:72.19,74.81 2 0
github.com/themobileprof/clipilot/internal/intent/matcher.go:74.81,75.13 1 0
github.com/themobileprof/clipilot/internal/intent/matcher.go:78.4,79.24 2 0
github.com/themobileprof/clipilot/internal/intent/matcher.go:79.24,81.5 1 0
github.com/themobileprof/clipilot/internal/intent/matcher.go:83.4,89.6 1 0
github.com/themobileprof/clipilot/internal/intent/matcher.go:94.2,96.12 2 0
github.com/themobileprof/clipilot/internal/intent/matcher.go:100.75,109.38 4 0
github.com/themobileprof/clipilot/internal/intent/matcher.go:109.38,113.26 2 0
github.com/themobileprof/clipilot/internal/intent/matcher.go:113.26,114.12 1 0
github.com/themobileprof/clipilot/internal/intent/matcher.go:118.3,120.55 3 0
github.com/themobileprof/clipilot/internal/intent/matcher.go:120.55,123.4 2 0
github.com/themobileprof/clipilot/internal/intent/matcher.go:125.3,131.5 1 0
github.com/themobileprof/clipilot/internal/intent/matcher.go:135.2,135.26 1 0
github.com/themobileprof/clipilot/internal/intent/matcher.go:135.26,137.3 1 0
github.com/themobileprof/clipilot/internal/intent/matcher.go:140.2,145.25 2 0
github.com/themobileprof/clipilot/internal/intent/matcher.go:145.25,148.3 2 0
github.com/themobileprof/clipilot/internal/intent/matcher.go:150.2,150.20 1 0
github.com/themobileprof/clipilot/internal/intent/matcher.go:154.97,165.2 4 0
github.com/themobileprof/clipilot/internal/intent/matcher.go:168.81,185.35 4 0
github.com/themobileprof/clipilot/internal/intent/matcher.go:185.35,186.38 1 0
github.com/themobileprof/clipilot/internal/intent/matcher.go:186.38,188.4 1 0
github.com/themobileprof/clipilot/internal/intent/matcher.go:191.2,191.12 1 0
github.com/themobileprof/clipilot/internal/intent/matcher.go:195.82,206.51 3 0
github.com/themobileprof/clipilot/internal/intent/matcher.go:206.51,207.31 1 0
github.com/themobileprof/clipilot/internal/intent/matcher.go:207.31,208.37 1 0
github.com/themobileprof/clipilot/internal/intent/matcher.go:208.37,209.41 1 0
github.com/themobileprof/clipilot/internal/intent/matcher.go:209.41,211.6 1 0
github.com/themobileprof/clipilot/internal/intent/matcher.go:216.2,216.12 1 0
github.com/themobileprof/clipilot/internal/intent/matcher.go:220.89,225.38 3 0
github.com/themobileprof/clipilot/internal/intent/matcher.go:225.38,234.17 2 0
github.com/themobileprof/clipilot/internal/intent/matcher.go:234.17,235.20 1 0
github.com/themobileprof/clipilot/internal/intent/matcher.go:235.20,237.58 2 0
github.com/themobileprof/clipilot/internal/intent/matcher.go:237.58,245.6 1 0
github.com/themobileprof/clipilot/internal/intent/matcher.go:247.4,247.16 1 0
github.com/themobileprof/clipilot/internal/intent/matcher.go:250.3,250.27 1 0
github.com/themobileprof/clipilot/internal/intent/matcher.go:250.27,251.9 1 0
github.com/themobileprof/clipilot/internal/intent/matcher.go:255.2,255.19 1 0
github.com/themobileprof/clipilot/internal/intent/matcher.go:259.73,271.45 4 0
github.com/themobileprof/clipilot/internal/intent/matcher.go:271.45,272.30 1 0
github.com/themobileprof/clipilot/internal/intent/matcher.go:272.30,273.37 1 0
github.com/themobileprof/clipilot/internal/intent/matcher.go:273.37,275.10 2 0
github.com/themobileprof/clipilot/internal/intent/matcher.go:280.2,280.26 1 0
github.com/themobileprof/clipilot/internal/intent/matcher.go:280.26,282.3 1 0
github.com/themobileprof/clipilot/internal/intent/matcher.go:284.2,284.19 1 0
github.com/themobileprof/clipilot/internal/intent/matcher.go:288.44,299.29 5 0
github.com/themobileprof/clipilot/internal/intent/matcher.go:299.29,300.40 1 0
github.com/themobileprof/clipilot/internal/intent/matcher.go:300.40,302.4 1 0
github.com/themobileprof/clipilot/internal/intent/matcher.go:305.2,305.17 1 0
github.com/themobileprof/clipilot/internal/intent/matcher.go:309.53,317.71 2 0
github.com/themobileprof/clipilot/internal/intent/matcher.go:317.71,319.3 1 0
github.com/themobileprof/clipilot/internal/intent/matcher.go:321.2,324.55 1 0
github.com/themobileprof/clipilot/internal/intent/matcher.go:324.55,326.3 1 0
github.com/themobileprof/clipilot/internal/intent/matcher.go:328.2,332.69 1 0
github.com/themobileprof/clipilot/internal/intent/matcher.go:332.69,334.3 1 0
github.com/themobileprof/clipilot/internal/intent/matcher.go:336.2,340.69 1 0
github.com/themobileprof/clipilot/internal/intent/matcher.go:340.69,342.3 1 0
github.com/themobileprof/clipilot/internal/intent/matcher.go:344.2,347.73 1 0
github.com/themobileprof/clipilot/internal/intent/matcher.go:347.73,349.3 1 0
github.com/themobileprof/clipilot/internal/intent/matcher.go:351.2,353.63 1 0
github.com/themobileprof/clipilot/internal/intent/matcher.go:353.63,355.3 1 0
github.com/themobileprof/clipilot/internal/intent/matcher.go:357.2,358.75 1 0
github.com/themobileprof/clipilot/internal/intent/matcher.go:358.75,360.3 1 0
github.com/themobileprof/clipilot/internal/intent/matcher.go:362.2,362.18 1 0
github.com/themobileprof/clipilot/internal/intent/normalize.go:15.42,20.2 1 0
github.com/themobileprof/clipilot/internal/intent/normalize.go:23.85,38.31 6 0
github.com/themobileprof/clipilot/internal/intent/normalize.go:38.31,39.44 1 0
github.com/themobileprof/clipilot/internal/intent/normalize.go:39.44,41.4 1 0
github.com/themobileprof/clipilot/internal/intent/normalize.go:45.2,48.27 3 0
github.com/themobileprof/clipilot/internal/intent/normalize.go:52.64,53.31 1 0
github.com/themobileprof/clipilot/internal/intent/normalize.go:53.31,54.49 1 0
github.com/themobileprof/clipilot/internal/intent/normalize.go:54.49,56.4 1 0
github.com/themobileprof/clipilot/internal/intent/normalize.go:58.2,58.15 1 0
github.com/themobileprof/clipilot/internal/intent/normalize.go:62.67,64.31 2 0
github.com/themobileprof/clipilot/internal/intent/normalize.go:64.31,66.38 1 0
github.com/themobileprof/clipilot/internal/intent/normalize.go:66.38,69.68 2 0
github.com/themobileprof/clipilot/internal/intent/normalize.go:69.68,71.5 1 0
github.com/themobileprof/clipilot/internal/intent/normalize.go:72.9,72.44 1 0
github.com/themobileprof/clipilot/internal/intent/normalize.go:72.44,74.4 1 0
github.com/themobileprof/clipilot/internal/intent/normalize.go:74.9,74.61 1 0
github.com/themobileprof/clipilot/internal/intent/normalize.go:74.61,76.4 1 0
github.com/themobileprof/clipilot/internal/intent/normalize.go:77.3,77.20 1 0
github.com/themobileprof/clipilot/internal/intent/normalize.go:79.2,79.15 1 0
github.com/themobileprof/clipilot/internal/intent/normalize.go:83.39,93.26 3 0
github.com/themobileprof/clipilot/internal/intent/normalize.go:93.26,95.3 1 0
github.com/themobileprof/clipilot/internal/intent/normalize.go:96.2,96.10 1 0
github.com/themobileprof/clipilot/internal/intent/normalize.go:100.45,167.2 1 0
github.com/themobileprof/clipilot/internal/intent/tfidf.go:30.36,37.2 1 0
github.com/themobileprof/clipilot/internal/intent/tfidf.go:40.39,43.26 3 0
github.com/themobileprof/clipilot/internal/intent/tfidf.go:43.26,45.3 1 0
github.com/themobileprof/clipilot/internal/intent/tfidf.go:46.2,46.10 1 0
github.com/themobileprof/clipilot/internal/intent/tfidf.go:50.49,56.27 3 0
github.com/themobileprof/clipilot/internal/intent/tfidf.go:56.27,58.3 1 0
github.com/themobileprof/clipilot/internal/intent/tfidf.go:61.2,72.33 3 0
github.com/themobileprof/clipilot/internal/intent/tfidf.go:72.33,74.3 1 0
github.com/themobileprof/clipilot/internal/intent/tfidf.go:76.2,76.40 1 0
github.com/themobileprof/clipilot/internal/intent/tfidf.go:80.36,82.18 2 0
github.com/themobileprof/clipilot/internal/intent/tfidf.go:82.18,84.3 1 0
github.com/themobileprof/clipilot/internal/intent/tfidf.go:87.2,87.38 1 0
github.com/themobileprof/clipilot/internal/intent/tfidf.go:87.38,89.3 1 0
github.com/themobileprof/clipilot/internal/intent/tfidf.go:93.72,102.34 4 0
github.com/themobileprof/clipilot/internal/intent/tfidf.go:102.34,110.39 4 0
github.com/themobileprof/clipilot/internal/intent/tfidf.go:110.39,112.4 1 0
github.com/themobileprof/clipilot/internal/intent/tfidf.go:114.3,114.16 1 0
github.com/themobileprof/clipilot/internal/intent/tfidf.go:114.16,119.4 1 0
github.com/themobileprof/clipilot/internal/intent/tfidf.go:123.2,123.35 1 0
github.com/themobileprof/clipilot/internal/intent/tfidf.go:123.35,124.40 1 0
github.com/themobileprof/clipilot/internal/intent/tfidf.go:124.40,125.41 1 0
github.com/themobileprof/clipilot/internal/intent/tfidf.go:125.41,127.5 1 0
github.com/themobileprof/clipilot/internal/intent/tfidf.go:132.2,132.38 1 0
github.com/themobileprof/clipilot/internal/intent/tfidf.go:132.38,134.3 1 0
github.com/themobileprof/clipilot/internal/intent/tfidf.go:136.2,136.15 1 0
github.com/themobileprof/clipilot/internal/intent/tfidf.go:140.77,145.82 3 0
github.com/themobileprof/clipilot/internal/intent/tfidf.go:145.82,147.104 2 0
github.com/themobileprof/clipilot/internal/intent/tfidf.go:147.104,149.4 1 0
github.com/themobileprof/clipilot/internal/intent/tfidf.go:153.2,153.100 1 0
github.com/themobileprof/clipilot/internal/intent/tfidf.go:153.100,155.3 1 0
github.com/themobileprof/clipilot/internal/intent/tfidf.go:158.2,158.87 1 0
github.com/themobileprof/clipilot/internal/intent/tfidf.go:158.87,160.3 1 0
github.com/themobileprof/clipilot/internal/intent/tfidf.go:163.2,163.86 1 0
github.com/themobileprof/clipilot/internal/intent/tfidf.go:163.86,165.3 1 0
github.com/themobileprof/clipilot/internal/intent/tfidf.go:168.2,168.78 1 0
github.com/themobileprof/clipilot/internal/intent/tfidf.go:168.78,170.3 1 0
github.com/themobileprof/clipilot/internal/intent/tfidf.go:172.2,172.16 1 0
github.com/themobileprof/clipilot/internal/intent/tfidf.go:176.100,181.44 4 0
github.com/themobileprof/clipilot/internal/intent/tfidf.go:181.44,182.17 1 0
github.com/themobileprof/clipilot/internal/intent/tfidf.go:183.29,186.80 1 0
github.com/themobileprof/clipilot/internal/intent/tfidf.go:186.80,188.5 1 0
github.com/themobileprof/clipilot/internal/intent/tfidf.go:190.4,190.80 1 0
github.com/themobileprof/clipilot/internal/intent/tfidf.go:190.80,192.5 1 0
github.com/themobileprof/clipilot/internal/intent/tfidf.go:193.18,194.85 1 0
github.com/themobileprof/clipilot/internal/intent/tfidf.go:194.85,196.5 1 0
github.com/themobileprof/clipilot/internal/intent/tfidf.go:197.18,198.80 1 0
github.com/themobileprof/clipilot/internal/intent/tfidf.go:198.80,200.5 1 0
github.com/themobileprof/clipilot/internal/intent/tfidf.go:201.15,202.79 1 0
github.com/themobileprof/clipilot/internal/intent/tfidf.go:202.79,204.5 1 0
github.com/themobileprof/clipilot/internal/intent/tfidf.go:208.2,208.14 1 0
github.com/themobileprof/clipilot/internal/intent/tfidf.go:212.69,218.29 4 0
github.com/themobileprof/clipilot/internal/intent/tfidf.go:218.29,219.26 1 0
github.com/themobileprof/clipilot/internal/intent/tfidf.go:219.26,221.4 1 0
github.com/themobileprof/clipilot/internal/intent/tfidf.go:223.2,223.14 1 0
github.com/themobileprof/clipilot/internal/intent/tfidf.go:227.71,233.31 4 0
github.com/themobileprof/clipilot/internal/intent/tfidf.go:233.31,234.26 1 0
github.com/themobileprof/clipilot/internal/intent/tfidf.go:234.26,236.4 1 0
github.com/themobileprof/clipilot/internal/intent/tfidf.go:240.2,241.31 2 0
github.com/themobileprof/clipilot/internal/intent/tfidf.go:241.31,242.23 1 0
github.com/themobileprof/clipilot/internal/intent/tfidf.go:242.23,244.4 1 0
github.com/themobileprof/clipilot/internal/intent/tfidf.go:248.2,249.18 2 0
github.com/themobileprof/clipilot/internal/intent/tfidf.go:249.18,250.35 1 0
github.com/themobileprof/clipilot/internal/intent/tfidf.go:250.35,252.4 1 0
github.com/themobileprof/clipilot/internal/intent/tfidf.go:255.2,255.11 1 0
github.com/themobileprof/clipilot/internal/intent/tfidf.go:259.77,264.24 3 0
github.com/themobileprof/clipilot/internal/intent/tfidf.go:264.24,266.3 1 0
github.com/themobileprof/clipilot/internal/intent/tfidf.go:267.2,267.24 1 0
github.com/themobileprof/clipilot/internal/intent/tfidf.go:267.24,269.3 1 0
github.com/themobileprof/clipilot/internal/intent/tfidf.go:271.2,271.29 1 0
github.com/themobileprof/clipilot/internal/intent/tfidf.go:271.29,273.15 2 0
github.com/themobileprof/clipilot/internal/intent/tfidf.go:273.15,275.4 1 0
github.com/themobileprof/clipilot/internal/intent/tfidf.go:277.3,282.27 5 0
github.com/themobileprof/clipilot/internal/intent/tfidf.go:285.2,285.30 1 0
github.com/themobileprof/clipilot/internal/intent/tfidf.go:285.30,287.3 1 0
github.com/themobileprof/clipilot/internal/intent/tfidf.go:289.2,289.59 1 0
